[Licensing::Module] Trying to connect to existing licensing client channel...
Built from '6000.4/staging' branch; Version is '6000.4.2f1 (7a4c1aeef971) revision 8014874'; Using compiler version '194234433'; Build Type 'Release'
OS: 'Windows 11  (10.0.26200) Professional' Language: 'en' Physical Memory: 16067 MB
BatchMode: 1, IsHumanControllingUs: 0, StartBugReporterOnCrash: 0, Is64bit: 1
System  architecture: x64
Process architecture: x64
Date: 2026-05-31T08:58:38Z
[Licensing::IpcConnector] Successfully connected to: "LicenseClient-soura" at "2026-05-31T08:58:38.0482349Z"

COMMAND LINE ARGUMENTS:
C:\Program Files\Unity\Hub\Editor\6000.4.2f1\Editor\Unity.exe
-adb2
-batchMode
-noUpm
-name
AssetImportWorker5
-projectPath
C:/Users/soura/3dRPG
-logFile
Logs/AssetImportWorker5.log
-srvPort
58428
-force-d3d12
-job-worker-count
5
-background-job-worker-count
8
-gc-helper-count
1
-name
AssetImport
Successfully changed project path to: C:/Users/soura/3dRPG
C:/Users/soura/3dRPG
[UnityMemory] Configuration Parameters - Can be set up in boot.config
    "memorysetup-temp-allocator-size-gi-baking-worker=262144"
    "memorysetup-temp-allocator-size-gi-baking-worker=262144"
    "memorysetup-temp-allocator-size-gi-baking-worker=262144"
    "memorysetup-temp-allocator-size-gi-baking-worker=262144"
    "memorysetup-temp-allocator-size-gi-baking-worker=262144"
    "memorysetup-temp-allocator-size-nav-mesh-worker=65536"
    "memorysetup-temp-allocator-size-audio-worker=65536"
    "memorysetup-temp-allocator-size-cloud-worker=32768"
    "memorysetup-temp-allocator-size-gfx=262144"
    "memorysetup-temp-allocator-size-preload-manager=33554432"
    "memorysetup-temp-allocator-size-job-worker=262144"
    "memorysetup-temp-allocator-size-background-worker=32768"
    "memorysetup-allocator-temp-initial-block-size-main=262144"
    "memorysetup-allocator-temp-initial-block-size-worker=262144"
    "memorysetup-bucket-allocator-granularity=16"
    "memorysetup-bucket-allocator-bucket-count=8"
    "memorysetup-bucket-allocator-block-size=33554432"
    "memorysetup-bucket-allocator-block-count=8"
    "memorysetup-main-allocator-block-size=16777216"
    "memorysetup-thread-allocator-block-size=16777216"
    "memorysetup-gfx-main-allocator-block-size=16777216"
    "memorysetup-gfx-thread-allocator-block-size=16777216"
    "memorysetup-cache-allocator-block-size=4194304"
    "memorysetup-typetree-allocator-block-size=2097152"
    "memorysetup-profiler-bucket-allocator-granularity=16"
    "memorysetup-profiler-bucket-allocator-bucket-count=8"
    "memorysetup-profiler-bucket-allocator-block-size=33554432"
    "memorysetup-profiler-bucket-allocator-block-count=8"
    "memorysetup-profiler-allocator-block-size=16777216"
    "memorysetup-profiler-editor-allocator-block-size=1048576"
    "memorysetup-temp-allocator-size-main=16777216"
    "memorysetup-job-temp-allocator-block-size=2097152"
    "memorysetup-job-temp-allocator-block-size-background=1048576"
    "memorysetup-job-temp-allocator-reduction-small-platforms=262144"
Player connection [33732]  Target information:

Player connection [33732]  * "[IP] 192.168.1.10 [Port] 0 [Flags] 2 [Guid] 1455899520 [EditorId] 1455899520 [Version] 1048832 [Id] WindowsEditor(7,Graduation) [Debug] 1 [PackageName] WindowsEditor [ProjectName] Editor" 

Player connection [33732] Host joined multi-casting on [225.0.0.222:54997]...
Player connection [33732] Host joined alternative multi-casting on [225.0.0.222:34997]...
JobSystem: Creating JobQueue using job-worker-count value 5
Input System module state changed to: Initialized.
[Physics::Module] Initialized fallback backend.
[Physics::Module] Id: 0xdecafbad
Library Redirect Path: Library/
[Physics::Module] Selected backend.
[Physics::Module] Name: PhysX
[Physics::Module] Id: 0xf2b8ea05
[Physics::Module] SDK Version: 4.1.2
[Physics::Module] Integration Version: 1.0.0
[Physics::Module] Threading Mode: Multi-Threaded
Refreshing native plugins compatible for Editor in 13.97 ms, found 4 plugins.
Initialize engine version: 6000.4.2f1 (7a4c1aeef971)
[Subsystems] Discovering subsystems at path C:/Program Files/Unity/Hub/Editor/6000.4.2f1/Editor/Data/Resources/UnitySubsystems
[Subsystems] Discovering subsystems at path C:/Users/soura/3dRPG/Assets
Forcing GfxDevice: Direct3D 12
GfxDevice: creating device client; kGfxThreadingModeNonThreaded
d3d12: failed to query info queue interface (0x80004002).
Direct3D:
    Version:         Direct3D 12 [level 12.1]
    Renderer:        Intel(R) Graphics (ID=0xa7ac)
    Vendor:          Intel
    VRAM:            8033 MB
    App VRAM Budget: 7376 MB
    Driver:          31.0.101.4953
    Unified Memory Architecture
    Cache Coherent UMA
Initialize mono
Mono path[0] = 'C:/Program Files/Unity/Hub/Editor/6000.4.2f1/Editor/Data/Managed'
Mono path[1] = 'C:/Program Files/Unity/Hub/Editor/6000.4.2f1/Editor/Data/MonoBleedingEdge/lib/mono/unityjit-win32'
Mono config path = 'C:/Program Files/Unity/Hub/Editor/6000.4.2f1/Editor/Data/MonoBleedingEdge/etc'
Using monoOptions --debugger-agent=transport=dt_socket,embedding=1,server=y,suspend=n,address=127.0.0.1:56924
CodeReloadManager initialized
Begin MonoManager ReloadAssembly
Registering precompiled unity dll's ...
Register platform support module: C:/Program Files/Unity/Hub/Editor/6000.4.2f1/Editor/Data/PlaybackEngines/WindowsStandaloneSupport/UnityEditor.WindowsStandalone.Extensions.dll
Registered in 0.013494 seconds.
Native extension for WindowsStandalone target not found
Package Manager log level set to [2]
[Package Manager] Failed to launch server process. Reason: Unity was launched with the -noUpm command-line argument
[Package Manager] Unable to send message (not connected to server process).
[Package Manager] Cannot connect to Unity Package Manager local server
ScheduleIndexationOnStartup MainProcess:False IndexOnStartup:True
Mono: successfully reloaded assembly
- Finished resetting the current domain, in  2.277 seconds
Domain Reload Profiling: 4762ms
	BeginReloadAssembly (648ms)
	RebuildCommonClasses (190ms)
	RebuildNativeTypeToScriptingClass (61ms)
	initialDomainReloadingComplete (428ms)
	LoadAllAssembliesAndSetupDomain (1152ms)
		LoadAssemblies (622ms)
		AnalyzeDomain (1115ms)
			TypeCache.Refresh (1109ms)
				TypeCache.ScanAssembly (1039ms)
			ResolveRequiredComponents (4ms)
	FinalizeReload (2283ms)
		SetupLoadedEditorAssemblies (0ms)
			InitializePlatformSupportModulesInManaged (274ms)
			BeforeProcessingInitializeOnLoad (442ms)
			ProcessInitializeOnLoadAttributes (680ms)
			ProcessInitializeOnLoadMethodAttributes (439ms)
[Licensing::Client] Handshaking with LicensingClient:
  Version:                 1.18.1+9fbee8e
  Session Id:              c302301269394b1aabf5d8cc145050d3
  Correlation Id:          2d77689184c5ea44e822c30069e0875b
  External correlation Id: 7342799464341598289
  Machine Id:              5+24/YDMEc7Jk+lT7MDM3PSjsxI=
[Licensing::Module] Successfully connected to LicensingClient on channel: "LicenseClient-soura" (connect: 0.00s, validation: 0.03s, handshake: 8.02s)
[Licensing::IpcConnector] Successfully connected to: "LicenseClient-soura-notifications" at "2026-05-31T08:58:46.1018614Z"
[Licensing::Module] Licensing Background thread has ended after 8.05s
========================================================================
Worker process is ready to serve import requests
Import Worker Mode flag is 0x00
Begin MonoManager ReloadAssembly
[Licensing::Client] Successfully resolved entitlement details
[Licensing::Module] License group:
  Id: 13469884249980-UnityPersXXXX
  Product: Unity Personal
  Type: Assigned
  Expiration: Unlimited
Assembly Assembly-CSharp-Editor-firstpass.dll at Library/ScriptAssemblies/Assembly-CSharp-Editor-firstpass.dll not valid. Loading of assembly skipped.
Assembly Assembly-CSharp-firstpass.dll at Library/ScriptAssemblies/Assembly-CSharp-firstpass.dll not valid. Loading of assembly skipped.
Assembly DocCodeExamples.dll at Library/ScriptAssemblies/DocCodeExamples.dll not valid. Loading of assembly skipped.
Assembly TestNewCustomAssembly.dll at Library/ScriptAssemblies/TestNewCustomAssembly.dll not valid. Loading of assembly skipped.
Assembly Unity.2D.Sprite.Package.EditorTests.dll at Library/ScriptAssemblies/Unity.2D.Sprite.Package.EditorTests.dll not valid. Loading of assembly skipped.
Assembly Unity.Analytics.DataPrivacy.Tests.dll at Library/ScriptAssemblies/Unity.Analytics.DataPrivacy.Tests.dll not valid. Loading of assembly skipped.
Assembly Unity.Analytics.StandardEvents.EditorTests.dll at Library/ScriptAssemblies/Unity.Analytics.StandardEvents.EditorTests.dll not valid. Loading of assembly skipped.
Assembly Unity.Collections.BurstCompatibilityGen.dll at Library/ScriptAssemblies/Unity.Collections.BurstCompatibilityGen.dll not valid. Loading of assembly skipped.
Assembly Unity.Collections.DocCodeSamples.dll at Library/ScriptAssemblies/Unity.Collections.DocCodeSamples.dll not valid. Loading of assembly skipped.
Assembly Unity.Collections.PerformanceTests.dll at Library/ScriptAssemblies/Unity.Collections.PerformanceTests.dll not valid. Loading of assembly skipped.
Assembly Unity.Collections.Tests.dll at Library/ScriptAssemblies/Unity.Collections.Tests.dll not valid. Loading of assembly skipped.
Assembly Unity.Collections.Tests.Playmode.dll at Library/ScriptAssemblies/Unity.Collections.Tests.Playmode.dll not valid. Loading of assembly skipped.
Assembly Unity.InputSystem.IntegrationTests.dll at Library/ScriptAssemblies/Unity.InputSystem.IntegrationTests.dll not valid. Loading of assembly skipped.
Assembly Unity.Mathematics.Tests.dll at Library/ScriptAssemblies/Unity.Mathematics.Tests.dll not valid. Loading of assembly skipped.
Assembly Unity.Multiplayer.Center.Editor.Tests.dll at Library/ScriptAssemblies/Unity.Multiplayer.Center.Editor.Tests.dll not valid. Loading of assembly skipped.
Assembly Unity.Multiplayer.Center.Tests.dll at Library/ScriptAssemblies/Unity.Multiplayer.Center.Tests.dll not valid. Loading of assembly skipped.
Assembly Unity.Nuget.Mono-Cecil.dll at Library/ScriptAssemblies/Unity.Nuget.Mono-Cecil.dll not valid. Loading of assembly skipped.
Assembly Unity.PathTracing.Editor.Tests.dll at Library/ScriptAssemblies/Unity.PathTracing.Editor.Tests.dll not valid. Loading of assembly skipped.
Assembly Unity.PathTracing.Runtime.Tests.dll at Library/ScriptAssemblies/Unity.PathTracing.Runtime.Tests.dll not valid. Loading of assembly skipped.
Assembly Unity.Performance.Profile-Analyzer.EditorTests.dll at Library/ScriptAssemblies/Unity.Performance.Profile-Analyzer.EditorTests.dll not valid. Loading of assembly skipped.
Assembly Unity.Postprocessing.Editor.Tests.dll at Library/ScriptAssemblies/Unity.Postprocessing.Editor.Tests.dll not valid. Loading of assembly skipped.
Assembly Unity.Postprocessing.Runtime.Tests.dll at Library/ScriptAssemblies/Unity.Postprocessing.Runtime.Tests.dll not valid. Loading of assembly skipped.
Assembly Unity.RenderPipelines.Core.Editor.Tests.dll at Library/ScriptAssemblies/Unity.RenderPipelines.Core.Editor.Tests.dll not valid. Loading of assembly skipped.
Assembly Unity.RenderPipelines.Core.Runtime.Tests.dll at Library/ScriptAssemblies/Unity.RenderPipelines.Core.Runtime.Tests.dll not valid. Loading of assembly skipped.
Assembly Unity.RenderPipelines.HighDefinition.Editor.Tests.dll at Library/ScriptAssemblies/Unity.RenderPipelines.HighDefinition.Editor.Tests.dll not valid. Loading of assembly skipped.
Assembly Unity.RenderPipelines.HighDefinition.Runtime.Tests.dll at Library/ScriptAssemblies/Unity.RenderPipelines.HighDefinition.Runtime.Tests.dll not valid. Loading of assembly skipped.
Assembly Unity.RenderPipelines.HighDefinitionConfig.Editor.Tests.dll at Library/ScriptAssemblies/Unity.RenderPipelines.HighDefinitionConfig.Editor.Tests.dll not valid. Loading of assembly skipped.
Assembly Unity.RenderPipelines.Universal.Config.Editor.Tests.dll at Library/ScriptAssemblies/Unity.RenderPipelines.Universal.Config.Editor.Tests.dll not valid. Loading of assembly skipped.
Assembly Unity.RenderPipelines.Universal.Editor.Tests.dll at Library/ScriptAssemblies/Unity.RenderPipelines.Universal.Editor.Tests.dll not valid. Loading of assembly skipped.
Assembly Unity.RenderPipelines.Universal.Runtime.Tests.dll at Library/ScriptAssemblies/Unity.RenderPipelines.Universal.Runtime.Tests.dll not valid. Loading of assembly skipped.
Assembly Unity.Searcher.EditorTests.dll at Library/ScriptAssemblies/Unity.Searcher.EditorTests.dll not valid. Loading of assembly skipped.
Assembly Unity.Settings.Tests.dll at Library/ScriptAssemblies/Unity.Settings.Tests.dll not valid. Loading of assembly skipped.
Assembly Unity.ShaderGraph.Editor.Tests.dll at Library/ScriptAssemblies/Unity.ShaderGraph.Editor.Tests.dll not valid. Loading of assembly skipped.
Assembly Unity.TestTools.CodeCoverage.Editor.Compatibility.dll at Library/ScriptAssemblies/Unity.TestTools.CodeCoverage.Editor.Compatibility.dll not valid. Loading of assembly skipped.
Assembly Unity.TextMeshPro.Editor.Tests.dll at Library/ScriptAssemblies/Unity.TextMeshPro.Editor.Tests.dll not valid. Loading of assembly skipped.
Assembly Unity.TextMeshPro.Tests.dll at Library/ScriptAssemblies/Unity.TextMeshPro.Tests.dll not valid. Loading of assembly skipped.
Assembly Unity.UnifiedRayTracing.Editor.Tests.dll at Library/ScriptAssemblies/Unity.UnifiedRayTracing.Editor.Tests.dll not valid. Loading of assembly skipped.
Assembly Unity.VisualEffectGraph.Editor.Tests.dll at Library/ScriptAssemblies/Unity.VisualEffectGraph.Editor.Tests.dll not valid. Loading of assembly skipped.
Assembly Unity.VisualEffectGraph.Runtime.Tests.dll at Library/ScriptAssemblies/Unity.VisualEffectGraph.Runtime.Tests.dll not valid. Loading of assembly skipped.
Assembly UnityEditor.UI.Common.Tests.dll at Library/ScriptAssemblies/UnityEditor.UI.Common.Tests.dll not valid. Loading of assembly skipped.
Assembly UnityEditor.UI.EditorTests.dll at Library/ScriptAssemblies/UnityEditor.UI.EditorTests.dll not valid. Loading of assembly skipped.
Assembly UnityEngine.UI.Tests.dll at Library/ScriptAssemblies/UnityEngine.UI.Tests.dll not valid. Loading of assembly skipped.
Refreshing native plugins compatible for Editor in 10.40 ms, found 4 plugins.
Native extension for WindowsStandalone target not found
[Package Manager] Failed to launch server process. Reason: Unity was launched with the -noUpm command-line argument
[Package Manager] Unable to send message (not connected to server process).
[Package Manager] Cannot connect to Unity Package Manager local server
Refreshing native plugins compatible for Editor in 3.77 ms, found 4 plugins.
[Package Manager] Failed to launch server process. Reason: Unity was launched with the -noUpm command-line argument
[Package Manager] Unable to send message (not connected to server process).
[Package Manager] Cannot connect to Unity Package Manager local server
ScheduleIndexationOnStartup MainProcess:False IndexOnStartup:True
Mono: successfully reloaded assembly
- Finished resetting the current domain, in  3.838 seconds
Domain Reload Profiling: 7891ms
	BeginReloadAssembly (651ms)
		DisableScriptedObjects (11ms)
		CreateAndSetChildDomain (68ms)
	RebuildCommonClasses (110ms)
	RebuildNativeTypeToScriptingClass (30ms)
	initialDomainReloadingComplete (321ms)
	LoadAllAssembliesAndSetupDomain (2939ms)
		LoadAssemblies (2224ms)
		AnalyzeDomain (1116ms)
			TypeCache.Refresh (838ms)
				TypeCache.ScanAssembly (788ms)
			BuildScriptInfoCaches (231ms)
			ResolveRequiredComponents (43ms)
	FinalizeReload (3839ms)
		SetupLoadedEditorAssemblies (0ms)
			InitializePlatformSupportModulesInManaged (3ms)
			BeforeProcessingInitializeOnLoad (479ms)
			ProcessInitializeOnLoadAttributes (1649ms)
			ProcessInitializeOnLoadMethodAttributes (1252ms)
			AfterProcessingInitializeOnLoad (13ms)
		AwakeInstancesAfterBackupRestoration (20ms)
WARNING: Shader Unsupported: 'Hidden/Universal Render Pipeline/Terrain/Lit (Base Pass)' - All subshaders removed
WARNING: Shader Did you use #pragma only_renderers and omit this platform?
WARNING: Shader If subshaders removal was intentional, you may have forgotten turning Fallback off?
WARNING: Shader Unsupported: 'Universal Render Pipeline/Terrain/Lit' - All subshaders removed
WARNING: Shader Did you use #pragma only_renderers and omit this platform?
WARNING: Shader If subshaders removal was intentional, you may have forgotten turning Fallback off?
Launched and connected shader compiler UnityShaderCompiler.exe after 0.03 seconds
Refreshing native plugins compatible for Editor in 3.96 ms, found 4 plugins.
Unloading 46 Unused Serialized files (Serialized files now loaded: 0)
Unloading 8893 unused Assets / (9.5 MB). Loaded Objects now: 10092.
Memory consumption went from 309.3 MB to 299.8 MB.
Total: 31.624700 ms (FindLiveObjects: 2.265500 ms CreateObjectMapping: 1.104300 ms MarkObjects: 16.775200 ms  DeleteObjects: 11.473000 ms)

========================================================================
Received Import Request.
  Time since last request: 16510.415670 seconds.
  path: Assets/Low Poly Weapons VOL.1/Props/Ammunition/Bullet 7.62/Mesh/Bullet762_LOD0.FBX
  importAddress: Guid(611c4ef4154b1d64990ec7366ff3d59a) Importer(815301076,1909f56bfc062723c751e8b465ee728b)
Start importing Assets/Low Poly Weapons VOL.1/Props/Ammunition/Bullet 7.62/Mesh/Bullet762_LOD0.FBX using Guid(611c4ef4154b1d64990ec7366ff3d59a) Importer(815301076,1909f56bfc062723c751e8b465ee728b) (PreviewImporter) -> (Import Result ID: 'b3358c95f4d4ec3e91ce65f993685739') in 3.8238613 seconds [static and dynamic dependencies]. Details - ImportResultOutputID=ef0daa126a2c70a5dba4b9038a859ec7 DependenciesID=5fdb8aebba872d12d14eaf176a16026e StaticDependenciesID=4607ab2a0544930aaca9848e084a3509 
Number of updated asset objects reloaded before import = 0Number of asset objects unloaded after import = 111

========================================================================
Received Import Request.
  Time since last request: 9.040022 seconds.
  path: Assets/Low Poly Weapons VOL.1/Props/Ammunition/Bullet 7.62/Textures/Bullet_Copper_SPECULAR.png
  importAddress: Guid(0558472541d66554e826409b8369ae63) Importer(815301076,1909f56bfc062723c751e8b465ee728b)
Start importing Assets/Low Poly Weapons VOL.1/Props/Ammunition/Bullet 7.62/Textures/Bullet_Copper_SPECULAR.png using Guid(0558472541d66554e826409b8369ae63) Importer(815301076,1909f56bfc062723c751e8b465ee728b) (PreviewImporter) -> (Import Result ID: 'dfe44a2476fa06bd52de7d631620fa79') in 0.0704938 seconds [static and dynamic dependencies]. Details - ImportResultOutputID=6a8ca884fca7610f2dda0a0a885361c9 DependenciesID=c07a21d7c0c744f884b535dec15e47c5 StaticDependenciesID=39accbbad77eaf3771c26395174233e1 
Number of updated asset objects reloaded before import = 0Number of asset objects unloaded after import = 2

========================================================================
Received Import Request.
  Time since last request: 0.000112 seconds.
  path: Assets/Low Poly Weapons VOL.1/Props/Ammunition/Bullet 7.62/Textures/Bullet_CopperV2_DIFFUSE.png
  importAddress: Guid(bd310dc5ffe6c884b9e7db03e98a3e6f) Importer(815301076,1909f56bfc062723c751e8b465ee728b)
Start importing Assets/Low Poly Weapons VOL.1/Props/Ammunition/Bullet 7.62/Textures/Bullet_CopperV2_DIFFUSE.png using Guid(bd310dc5ffe6c884b9e7db03e98a3e6f) Importer(815301076,1909f56bfc062723c751e8b465ee728b) (PreviewImporter) -> (Import Result ID: '76efb8c1621363b0299fe8b553a53463') in 0.0346622 seconds [static and dynamic dependencies]. Details - ImportResultOutputID=75ae2999e6f33092f165714a7ea21bac DependenciesID=07af2ee2545832da19fe487d19ac8f04 StaticDependenciesID=c4e9925c63f93a789c42d73903a91030 
Number of updated asset objects reloaded before import = 0Number of asset objects unloaded after import = 2

========================================================================
Received Import Request.
  Time since last request: 0.000073 seconds.
  path: Assets/Low Poly Weapons VOL.1/Props/Ammunition/Bullet 7.62/Textures/Shell_DarckZinc_DIFFUSE.png
  importAddress: Guid(f535988dc059262499270a7292907f7e) Importer(815301076,1909f56bfc062723c751e8b465ee728b)
Start importing Assets/Low Poly Weapons VOL.1/Props/Ammunition/Bullet 7.62/Textures/Shell_DarckZinc_DIFFUSE.png using Guid(f535988dc059262499270a7292907f7e) Importer(815301076,1909f56bfc062723c751e8b465ee728b) (PreviewImporter) -> (Import Result ID: '207a887bb12ca463cb789e8b41e3e889') in 0.0376748 seconds [static and dynamic dependencies]. Details - ImportResultOutputID=42a10b5be3454345d56e4fded28dd938 DependenciesID=590146536fd658a6b90a5816ba71a7b1 StaticDependenciesID=be61b39cddbfa6d9c58162b77734862e 
Number of updated asset objects reloaded before import = 0Number of asset objects unloaded after import = 2

========================================================================
Received Import Request.
  Time since last request: 0.000097 seconds.
  path: Assets/Low Poly Weapons VOL.1/Props/Ammunition/Bullet 7.62/Textures/Shell_DarckZinc_SPECULAR.png
  importAddress: Guid(bca752517a6c0ed408dff993ef3a2a25) Importer(815301076,1909f56bfc062723c751e8b465ee728b)
Start importing Assets/Low Poly Weapons VOL.1/Props/Ammunition/Bullet 7.62/Textures/Shell_DarckZinc_SPECULAR.png using Guid(bca752517a6c0ed408dff993ef3a2a25) Importer(815301076,1909f56bfc062723c751e8b465ee728b) (PreviewImporter) -> (Import Result ID: '10a1f3366cb01524805e534dbddf0fe4') in 0.0421509 seconds [static and dynamic dependencies]. Details - ImportResultOutputID=6bb64b86471c2bc4eba69c87699b8019 DependenciesID=2038ec58fc113698ae92315a550f57b9 StaticDependenciesID=dd512193e4afdb62a887611eb1cf85a7 
Number of updated asset objects reloaded before import = 0Number of asset objects unloaded after import = 2

========================================================================
Received Import Request.
  Time since last request: 58.468731 seconds.
  path: Assets/Low Poly Weapons VOL.1/Props/Ammunition/Bullet 7.62/Prefabs/Bullet-7.62 (DarkZinc) HQ.prefab
  importAddress: Guid(14e8966d9de08fb4ea1cb7d5e9ead89c) Importer(815301076,1909f56bfc062723c751e8b465ee728b)
Start importing Assets/Low Poly Weapons VOL.1/Props/Ammunition/Bullet 7.62/Prefabs/Bullet-7.62 (DarkZinc) HQ.prefab using Guid(14e8966d9de08fb4ea1cb7d5e9ead89c) Importer(815301076,1909f56bfc062723c751e8b465ee728b) (PreviewImporter) -> (Import Result ID: 'b6cb88dd24dcbfa504052eedae119682') in 0.2688593 seconds [static and dynamic dependencies]. Details - ImportResultOutputID=335827e81f82329f66d677ddb24e4e2e DependenciesID=9f807c384e6196b82e2a11f6ac2100af StaticDependenciesID=df887c09c0e0d54d18ffae3b2185cc99 
Number of updated asset objects reloaded before import = 0Number of asset objects unloaded after import = 41

========================================================================
Received Import Request.
  Time since last request: 0.000119 seconds.
  path: Assets/Low Poly Weapons VOL.1/Props/Ammunition/Bullet 7.62/Prefabs/Bullet-Copper_v2.prefab
  importAddress: Guid(c8fd62ec06a546646878a10bd648ad01) Importer(815301076,1909f56bfc062723c751e8b465ee728b)
Start importing Assets/Low Poly Weapons VOL.1/Props/Ammunition/Bullet 7.62/Prefabs/Bullet-Copper_v2.prefab using Guid(c8fd62ec06a546646878a10bd648ad01) Importer(815301076,1909f56bfc062723c751e8b465ee728b) (PreviewImporter) -> (Import Result ID: '9f94c005f0448b4df8009062c9886dc7') in 0.8503144 seconds [static and dynamic dependencies]. Details - ImportResultOutputID=b77d0ea344b20705d771082e8ba89c66 DependenciesID=86c70d20ae189434663761951ad56784 StaticDependenciesID=6b3bbb47ea784c34d0c5cfaf9891c9ca 
Number of updated asset objects reloaded before import = 0Number of asset objects unloaded after import = 24

========================================================================
Received Import Request.
  Time since last request: 51.766141 seconds.
  path: Assets/Low Poly Weapons VOL.1/Props/Ammunition/Bullet 7.62/Prefabs/Bullet-7.62 (DarkZinc) HQ.prefab
  importAddress: Guid(14e8966d9de08fb4ea1cb7d5e9ead89c) Importer(815301076,1909f56bfc062723c751e8b465ee728b)
Start importing Assets/Low Poly Weapons VOL.1/Props/Ammunition/Bullet 7.62/Prefabs/Bullet-7.62 (DarkZinc) HQ.prefab using Guid(14e8966d9de08fb4ea1cb7d5e9ead89c) Importer(815301076,1909f56bfc062723c751e8b465ee728b) (PreviewImporter) -> (Import Result ID: 'f027c23e7e85c5f512d5b00f548950e2') in 0.0876327 seconds [static and dynamic dependencies]. Details - ImportResultOutputID=ca3d9a0fa4faa76b8615ee2ad50627e4 DependenciesID=c2f7e765f1dedae530dbebe30a01f85c StaticDependenciesID=df887c09c0e0d54d18ffae3b2185cc99 
Number of updated asset objects reloaded before import = 0Number of asset objects unloaded after import = 40

========================================================================
Received Import Request.
  Time since last request: 0.000142 seconds.
  path: Assets/Low Poly Weapons VOL.1/Props/Ammunition/Bullet 7.62/Prefabs/Bullet-7.62 (DarkZinc) LP.prefab
  importAddress: Guid(dbe398fbe3adebc4484ea50382e51ea7) Importer(815301076,1909f56bfc062723c751e8b465ee728b)
Start importing Assets/Low Poly Weapons VOL.1/Props/Ammunition/Bullet 7.62/Prefabs/Bullet-7.62 (DarkZinc) LP.prefab using Guid(dbe398fbe3adebc4484ea50382e51ea7) Importer(815301076,1909f56bfc062723c751e8b465ee728b) (PreviewImporter) -> (Import Result ID: 'cf868518d0519d113643afdc87967940') in 0.2099706 seconds [static and dynamic dependencies]. Details - ImportResultOutputID=e0a369577ea6d2c1f6247d86f1ae9ede DependenciesID=f71ddfd410aae0466b4da3c9b31fdfb4 StaticDependenciesID=934dc08189294c1389fd700bbf3be698 
Number of updated asset objects reloaded before import = 0Number of asset objects unloaded after import = 40

========================================================================
Received Import Request.
  Time since last request: 0.000061 seconds.
  path: Assets/Low Poly Weapons VOL.1/Props/Ammunition/Bullet 7.62/Prefabs/Bullet-7.62 (DarkZinc+v2) HQ.prefab
  importAddress: Guid(881890da081606847a7cc72b5addce76) Importer(815301076,1909f56bfc062723c751e8b465ee728b)
Start importing Assets/Low Poly Weapons VOL.1/Props/Ammunition/Bullet 7.62/Prefabs/Bullet-7.62 (DarkZinc+v2) HQ.prefab using Guid(881890da081606847a7cc72b5addce76) Importer(815301076,1909f56bfc062723c751e8b465ee728b) (PreviewImporter) -> (Import Result ID: '8ca7bb915b8c9ac168612ef6fe029e09') in 0.1077295 seconds [static and dynamic dependencies]. Details - ImportResultOutputID=ad3956200ffb0c7aa6674560114d199e DependenciesID=82f8cd37b55b8f5b933c925a69ee535c StaticDependenciesID=078bc1f98c430d9c0203c48ded3a57f0 
Number of updated asset objects reloaded before import = 0Number of asset objects unloaded after import = 42

========================================================================
Received Prepare
Begin MonoManager ReloadAssembly
[Licensing::Client] Successfully resolved entitlement details
Leak Detected : Persistent allocates 8 individual allocations. To find out more please enable 'Preferences > Jobs > Leak Detection Level > Enabled With Stack Trace' and reproduce the leak again.
Assembly Assembly-CSharp-Editor-firstpass.dll at Library/ScriptAssemblies/Assembly-CSharp-Editor-firstpass.dll not valid. Loading of assembly skipped.
Assembly Assembly-CSharp-firstpass.dll at Library/ScriptAssemblies/Assembly-CSharp-firstpass.dll not valid. Loading of assembly skipped.
Assembly DocCodeExamples.dll at Library/ScriptAssemblies/DocCodeExamples.dll not valid. Loading of assembly skipped.
Assembly TestNewCustomAssembly.dll at Library/ScriptAssemblies/TestNewCustomAssembly.dll not valid. Loading of assembly skipped.
Assembly Unity.2D.Sprite.Package.EditorTests.dll at Library/ScriptAssemblies/Unity.2D.Sprite.Package.EditorTests.dll not valid. Loading of assembly skipped.
Assembly Unity.Analytics.DataPrivacy.Tests.dll at Library/ScriptAssemblies/Unity.Analytics.DataPrivacy.Tests.dll not valid. Loading of assembly skipped.
Assembly Unity.Analytics.StandardEvents.EditorTests.dll at Library/ScriptAssemblies/Unity.Analytics.StandardEvents.EditorTests.dll not valid. Loading of assembly skipped.
Assembly Unity.Collections.BurstCompatibilityGen.dll at Library/ScriptAssemblies/Unity.Collections.BurstCompatibilityGen.dll not valid. Loading of assembly skipped.
Assembly Unity.Collections.DocCodeSamples.dll at Library/ScriptAssemblies/Unity.Collections.DocCodeSamples.dll not valid. Loading of assembly skipped.
Assembly Unity.Collections.PerformanceTests.dll at Library/ScriptAssemblies/Unity.Collections.PerformanceTests.dll not valid. Loading of assembly skipped.
Assembly Unity.Collections.Tests.dll at Library/ScriptAssemblies/Unity.Collections.Tests.dll not valid. Loading of assembly skipped.
Assembly Unity.Collections.Tests.Playmode.dll at Library/ScriptAssemblies/Unity.Collections.Tests.Playmode.dll not valid. Loading of assembly skipped.
Assembly Unity.InputSystem.IntegrationTests.dll at Library/ScriptAssemblies/Unity.InputSystem.IntegrationTests.dll not valid. Loading of assembly skipped.
Assembly Unity.Mathematics.Tests.dll at Library/ScriptAssemblies/Unity.Mathematics.Tests.dll not valid. Loading of assembly skipped.
Assembly Unity.Multiplayer.Center.Editor.Tests.dll at Library/ScriptAssemblies/Unity.Multiplayer.Center.Editor.Tests.dll not valid. Loading of assembly skipped.
Assembly Unity.Multiplayer.Center.Tests.dll at Library/ScriptAssemblies/Unity.Multiplayer.Center.Tests.dll not valid. Loading of assembly skipped.
Assembly Unity.Nuget.Mono-Cecil.dll at Library/ScriptAssemblies/Unity.Nuget.Mono-Cecil.dll not valid. Loading of assembly skipped.
Assembly Unity.PathTracing.Editor.Tests.dll at Library/ScriptAssemblies/Unity.PathTracing.Editor.Tests.dll not valid. Loading of assembly skipped.
Assembly Unity.PathTracing.Runtime.Tests.dll at Library/ScriptAssemblies/Unity.PathTracing.Runtime.Tests.dll not valid. Loading of assembly skipped.
Assembly Unity.Performance.Profile-Analyzer.EditorTests.dll at Library/ScriptAssemblies/Unity.Performance.Profile-Analyzer.EditorTests.dll not valid. Loading of assembly skipped.
Assembly Unity.Postprocessing.Editor.Tests.dll at Library/ScriptAssemblies/Unity.Postprocessing.Editor.Tests.dll not valid. Loading of assembly skipped.
Assembly Unity.Postprocessing.Runtime.Tests.dll at Library/ScriptAssemblies/Unity.Postprocessing.Runtime.Tests.dll not valid. Loading of assembly skipped.
Assembly Unity.RenderPipelines.Core.Editor.Tests.dll at Library/ScriptAssemblies/Unity.RenderPipelines.Core.Editor.Tests.dll not valid. Loading of assembly skipped.
Assembly Unity.RenderPipelines.Core.Runtime.Tests.dll at Library/ScriptAssemblies/Unity.RenderPipelines.Core.Runtime.Tests.dll not valid. Loading of assembly skipped.
Assembly Unity.RenderPipelines.HighDefinition.Editor.Tests.dll at Library/ScriptAssemblies/Unity.RenderPipelines.HighDefinition.Editor.Tests.dll not valid. Loading of assembly skipped.
Assembly Unity.RenderPipelines.HighDefinition.Runtime.Tests.dll at Library/ScriptAssemblies/Unity.RenderPipelines.HighDefinition.Runtime.Tests.dll not valid. Loading of assembly skipped.
Assembly Unity.RenderPipelines.HighDefinitionConfig.Editor.Tests.dll at Library/ScriptAssemblies/Unity.RenderPipelines.HighDefinitionConfig.Editor.Tests.dll not valid. Loading of assembly skipped.
Assembly Unity.RenderPipelines.Universal.Config.Editor.Tests.dll at Library/ScriptAssemblies/Unity.RenderPipelines.Universal.Config.Editor.Tests.dll not valid. Loading of assembly skipped.
Assembly Unity.RenderPipelines.Universal.Editor.Tests.dll at Library/ScriptAssemblies/Unity.RenderPipelines.Universal.Editor.Tests.dll not valid. Loading of assembly skipped.
Assembly Unity.RenderPipelines.Universal.Runtime.Tests.dll at Library/ScriptAssemblies/Unity.RenderPipelines.Universal.Runtime.Tests.dll not valid. Loading of assembly skipped.
Assembly Unity.Searcher.EditorTests.dll at Library/ScriptAssemblies/Unity.Searcher.EditorTests.dll not valid. Loading of assembly skipped.
Assembly Unity.Settings.Tests.dll at Library/ScriptAssemblies/Unity.Settings.Tests.dll not valid. Loading of assembly skipped.
Assembly Unity.ShaderGraph.Editor.Tests.dll at Library/ScriptAssemblies/Unity.ShaderGraph.Editor.Tests.dll not valid. Loading of assembly skipped.
Assembly Unity.TestTools.CodeCoverage.Editor.Compatibility.dll at Library/ScriptAssemblies/Unity.TestTools.CodeCoverage.Editor.Compatibility.dll not valid. Loading of assembly skipped.
Assembly Unity.TextMeshPro.Editor.Tests.dll at Library/ScriptAssemblies/Unity.TextMeshPro.Editor.Tests.dll not valid. Loading of assembly skipped.
Assembly Unity.TextMeshPro.Tests.dll at Library/ScriptAssemblies/Unity.TextMeshPro.Tests.dll not valid. Loading of assembly skipped.
Assembly Unity.UnifiedRayTracing.Editor.Tests.dll at Library/ScriptAssemblies/Unity.UnifiedRayTracing.Editor.Tests.dll not valid. Loading of assembly skipped.
Assembly Unity.VisualEffectGraph.Editor.Tests.dll at Library/ScriptAssemblies/Unity.VisualEffectGraph.Editor.Tests.dll not valid. Loading of assembly skipped.
Assembly Unity.VisualEffectGraph.Runtime.Tests.dll at Library/ScriptAssemblies/Unity.VisualEffectGraph.Runtime.Tests.dll not valid. Loading of assembly skipped.
Assembly UnityEditor.UI.Common.Tests.dll at Library/ScriptAssemblies/UnityEditor.UI.Common.Tests.dll not valid. Loading of assembly skipped.
Assembly UnityEditor.UI.EditorTests.dll at Library/ScriptAssemblies/UnityEditor.UI.EditorTests.dll not valid. Loading of assembly skipped.
Assembly UnityEngine.UI.Tests.dll at Library/ScriptAssemblies/UnityEngine.UI.Tests.dll not valid. Loading of assembly skipped.
Refreshing native plugins compatible for Editor in 12.34 ms, found 4 plugins.
Native extension for WindowsStandalone target not found
[Package Manager] Failed to launch server process. Reason: Unity was launched with the -noUpm command-line argument
[Package Manager] Unable to send message (not connected to server process).
[Package Manager] Cannot connect to Unity Package Manager local server
[Package Manager] Failed to launch server process. Reason: Unity was launched with the -noUpm command-line argument
[Package Manager] Unable to send message (not connected to server process).
[Package Manager] Cannot connect to Unity Package Manager local server
ScheduleIndexationOnStartup MainProcess:False IndexOnStartup:True
Mono: successfully reloaded assembly
- Finished resetting the current domain, in  5.187 seconds
Domain Reload Profiling: 7438ms
	BeginReloadAssembly (598ms)
		DisableScriptedObjects (97ms)
		CreateAndSetChildDomain (208ms)
	RebuildCommonClasses (45ms)
	RebuildNativeTypeToScriptingClass (14ms)
	initialDomainReloadingComplete (99ms)
	LoadAllAssembliesAndSetupDomain (1493ms)
		LoadAssemblies (1079ms)
		AnalyzeDomain (521ms)
			TypeCache.Refresh (17ms)
			BuildScriptInfoCaches (477ms)
			ResolveRequiredComponents (18ms)
	FinalizeReload (5188ms)
		SetupLoadedEditorAssemblies (0ms)
			InitializePlatformSupportModulesInManaged (12ms)
			BeforeProcessingInitializeOnLoad (1278ms)
			ProcessInitializeOnLoadAttributes (2210ms)
			ProcessInitializeOnLoadMethodAttributes (402ms)
			AfterProcessingInitializeOnLoad (38ms)
			EditorAssembliesLoaded (5ms)
		AwakeInstancesAfterBackupRestoration (94ms)
WARNING: Shader Unsupported: 'Hidden/Universal Render Pipeline/Terrain/Lit (Base Pass)' - All subshaders removed
WARNING: Shader Did you use #pragma only_renderers and omit this platform?
WARNING: Shader If subshaders removal was intentional, you may have forgotten turning Fallback off?
WARNING: Shader Unsupported: 'Universal Render Pipeline/Terrain/Lit' - All subshaders removed
WARNING: Shader Did you use #pragma only_renderers and omit this platform?
WARNING: Shader If subshaders removal was intentional, you may have forgotten turning Fallback off?
Refreshing native plugins compatible for Editor in 25.90 ms, found 4 plugins.
Unloading 41 Unused Serialized files (Serialized files now loaded: 0)
Unloading 8891 unused Assets / (8.9 MB). Loaded Objects now: 10234.
Memory consumption went from 327.0 MB to 318.1 MB.
Total: 60.260100 ms (FindLiveObjects: 7.363300 ms CreateObjectMapping: 7.311300 ms MarkObjects: 27.435800 ms  DeleteObjects: 18.138800 ms)

Prepare: number of updated asset objects reloaded= 0
========================================================================
Received Import Request.
  Time since last request: 780.276703 seconds.
  path: Assets/Low Poly Weapons VOL.1/Props/Ammunition/Bullet 7.62/Prefabs/Bullet-7.62 (Copper) LP.prefab
  importAddress: Guid(3d7a26518505d994eb37dbb785efb732) Importer(815301076,1909f56bfc062723c751e8b465ee728b)
Start importing Assets/Low Poly Weapons VOL.1/Props/Ammunition/Bullet 7.62/Prefabs/Bullet-7.62 (Copper) LP.prefab using Guid(3d7a26518505d994eb37dbb785efb732) Importer(815301076,1909f56bfc062723c751e8b465ee728b) (PreviewImporter) -> (Import Result ID: '453802aaa5591ff317d0d8eab983b7e1') in 6.9341011 seconds [static and dynamic dependencies]. Details - ImportResultOutputID=7c786825eea23e4281ecf7ee4ccbe9ad DependenciesID=54b12d8e8d24218c3c16e82af290dfe4 StaticDependenciesID=c1b0fcabed916f4e9fc756488470815f 
Number of updated asset objects reloaded before import = 0Number of asset objects unloaded after import = 134

========================================================================
Received Import Request.
  Time since last request: 0.000392 seconds.
  path: Assets/Low Poly Weapons VOL.1/Props/Ammunition/Bullet 7.62/Prefabs/Bullet-7.62 (Copper) HQ.prefab
  importAddress: Guid(d52cf7a58a2762044908ea7e5f695d5b) Importer(815301076,1909f56bfc062723c751e8b465ee728b)
Start importing Assets/Low Poly Weapons VOL.1/Props/Ammunition/Bullet 7.62/Prefabs/Bullet-7.62 (Copper) HQ.prefab using Guid(d52cf7a58a2762044908ea7e5f695d5b) Importer(815301076,1909f56bfc062723c751e8b465ee728b) (PreviewImporter) -> (Import Result ID: '48cbfc33b7596618ac127009d49ae6d5') in 0.1505421 seconds [static and dynamic dependencies]. Details - ImportResultOutputID=3fdd9cc5eb50934a958460e9557f4bf2 DependenciesID=bd2831f56ee41294ce6da4223d1d7094 StaticDependenciesID=21a4188942b17c7ded219e4f374ac04b 
Number of updated asset objects reloaded before import = 0Number of asset objects unloaded after import = 41

========================================================================
Received Import Request.
  Time since last request: 0.000062 seconds.
  path: Assets/Low Poly Weapons VOL.1/Props/Ammunition/Bullet 7.62/Prefabs/Bullet-7.62 (DarkZinc+v2) LP.prefab
  importAddress: Guid(3c6265c3391baee4c93fd1c381f3d962) Importer(815301076,1909f56bfc062723c751e8b465ee728b)
Start importing Assets/Low Poly Weapons VOL.1/Props/Ammunition/Bullet 7.62/Prefabs/Bullet-7.62 (DarkZinc+v2) LP.prefab using Guid(3c6265c3391baee4c93fd1c381f3d962) Importer(815301076,1909f56bfc062723c751e8b465ee728b) (PreviewImporter) -> (Import Result ID: '87cf4c7ca99dc8aaf34816d5a6afdc99') in 0.1040329 seconds [static and dynamic dependencies]. Details - ImportResultOutputID=8f891a3b98fe1528f8135b5a5509b44f DependenciesID=0a97d960c23684b090c465dfbd677931 StaticDependenciesID=407bf3881ece449b5c14b368c0da7d73 
Number of updated asset objects reloaded before import = 0Number of asset objects unloaded after import = 43

========================================================================
Received Import Request.
  Time since last request: 0.000059 seconds.
  path: Assets/Low Poly Weapons VOL.1/Props/Ammunition/Bullet 7.62/Prefabs/Shell-DarkZinc.prefab
  importAddress: Guid(062c6fc650067834abcbfd3417e3940f) Importer(815301076,1909f56bfc062723c751e8b465ee728b)
Start importing Assets/Low Poly Weapons VOL.1/Props/Ammunition/Bullet 7.62/Prefabs/Shell-DarkZinc.prefab using Guid(062c6fc650067834abcbfd3417e3940f) Importer(815301076,1909f56bfc062723c751e8b465ee728b) (PreviewImporter) -> (Import Result ID: '103a43518dd2cd9aa835d5d9c82f77d8') in 0.0761101 seconds [static and dynamic dependencies]. Details - ImportResultOutputID=e64960032cbb95fc2368e60309d220cf DependenciesID=9dce0a31da54dad72a20d7068d58e9bc StaticDependenciesID=6b33bf5671e94b168731590e63e75e01 
Number of updated asset objects reloaded before import = 0Number of asset objects unloaded after import = 25

========================================================================
Received Import Request.
  Time since last request: 0.000080 seconds.
  path: Assets/Low Poly Weapons VOL.1/Props/Ammunition/Bullet 7.62/Prefabs/Bullet-7.62 (DarkZinc) HQ.prefab
  importAddress: Guid(14e8966d9de08fb4ea1cb7d5e9ead89c) Importer(815301076,1909f56bfc062723c751e8b465ee728b)
Start importing Assets/Low Poly Weapons VOL.1/Props/Ammunition/Bullet 7.62/Prefabs/Bullet-7.62 (DarkZinc) HQ.prefab using Guid(14e8966d9de08fb4ea1cb7d5e9ead89c) Importer(815301076,1909f56bfc062723c751e8b465ee728b) (PreviewImporter) -> (Import Result ID: '627d5a67d585539638ca4806df43860d') in 0.0992954 seconds [static and dynamic dependencies]. Details - ImportResultOutputID=ca3d9a0fa4faa76b8615ee2ad50627e4 DependenciesID=c72a5a776eb32beb9a0e390b3f218506 StaticDependenciesID=3736b5586d365a89ad72a3438bdf63f0 
Number of updated asset objects reloaded before import = 0Number of asset objects unloaded after import = 42

========================================================================
Received Import Request.
  Time since last request: 0.000075 seconds.
  path: Assets/Low Poly Weapons VOL.1/Props/Ammunition/Bullet 7.62/Prefabs/Bullet-7.62 (Copper) HQ.prefab
  importAddress: Guid(d52cf7a58a2762044908ea7e5f695d5b) Importer(815301076,1909f56bfc062723c751e8b465ee728b)
Start importing Assets/Low Poly Weapons VOL.1/Props/Ammunition/Bullet 7.62/Prefabs/Bullet-7.62 (Copper) HQ.prefab using Guid(d52cf7a58a2762044908ea7e5f695d5b) Importer(815301076,1909f56bfc062723c751e8b465ee728b) (PreviewImporter) -> (Import Result ID: '3da0f9abf116b1ebb473854e38c45da6') in 0.1153649 seconds [static and dynamic dependencies]. Details - ImportResultOutputID=3fdd9cc5eb50934a958460e9557f4bf2 DependenciesID=e1d566b4f439da437013c350a2707a36 StaticDependenciesID=aea7733e9fc0a373e9ddc0c8f2e80de8 
Number of updated asset objects reloaded before import = 0Number of asset objects unloaded after import = 42

========================================================================
Received Import Request.
  Time since last request: 0.000090 seconds.
  path: Assets/Low Poly Weapons VOL.1/Props/Ammunition/Bullet 7.62/Prefabs/Bullet-7.62 (DarkZinc+v2) LP.prefab
  importAddress: Guid(3c6265c3391baee4c93fd1c381f3d962) Importer(815301076,1909f56bfc062723c751e8b465ee728b)
Start importing Assets/Low Poly Weapons VOL.1/Props/Ammunition/Bullet 7.62/Prefabs/Bullet-7.62 (DarkZinc+v2) LP.prefab using Guid(3c6265c3391baee4c93fd1c381f3d962) Importer(815301076,1909f56bfc062723c751e8b465ee728b) (PreviewImporter) -> (Import Result ID: 'e87149a18153a5c69862486fc0869a40') in 0.1185113 seconds [static and dynamic dependencies]. Details - ImportResultOutputID=8f891a3b98fe1528f8135b5a5509b44f DependenciesID=72baa9ece204906ddf5972757bd954c0 StaticDependenciesID=e5bc85168a8e27a8558496445bf4c72b 
Number of updated asset objects reloaded before import = 0Number of asset objects unloaded after import = 44

========================================================================
Received Import Request.
  Time since last request: 0.000071 seconds.
  path: Assets/Low Poly Weapons VOL.1/Props/Ammunition/Bullet 7.62/Prefabs/Shell-DarkZinc.prefab
  importAddress: Guid(062c6fc650067834abcbfd3417e3940f) Importer(815301076,1909f56bfc062723c751e8b465ee728b)
Start importing Assets/Low Poly Weapons VOL.1/Props/Ammunition/Bullet 7.62/Prefabs/Shell-DarkZinc.prefab using Guid(062c6fc650067834abcbfd3417e3940f) Importer(815301076,1909f56bfc062723c751e8b465ee728b) (PreviewImporter) -> (Import Result ID: '9e24161c0fc5405176904c6f2e784137') in 0.0828856 seconds [static and dynamic dependencies]. Details - ImportResultOutputID=e64960032cbb95fc2368e60309d220cf DependenciesID=99a85a1ba1dff176ff7a5a0bc75e75d3 StaticDependenciesID=d4b16f1cd6f33cde82a8156d56163a84 
Number of updated asset objects reloaded before import = 0Number of asset objects unloaded after import = 26

========================================================================
Received Import Request.
  Time since last request: 0.000097 seconds.
  path: Assets/Low Poly Weapons VOL.1/Props/Ammunition/Bullet 7.62/Prefabs/Shell-Copper.prefab
  importAddress: Guid(0a138e478044fd94eb3af2f93e075513) Importer(815301076,1909f56bfc062723c751e8b465ee728b)
Start importing Assets/Low Poly Weapons VOL.1/Props/Ammunition/Bullet 7.62/Prefabs/Shell-Copper.prefab using Guid(0a138e478044fd94eb3af2f93e075513) Importer(815301076,1909f56bfc062723c751e8b465ee728b) (PreviewImporter) -> (Import Result ID: '139ba3fb80707e57eabffcaef82befc0') in 0.0907587 seconds [static and dynamic dependencies]. Details - ImportResultOutputID=9c3c0cca869db17971612758e968000f DependenciesID=530a16c71aa0fbc39d8263bc0cdccf6b StaticDependenciesID=07bb8d584c434146e9baadadd4890e85 
Number of updated asset objects reloaded before import = 0Number of asset objects unloaded after import = 26

========================================================================
Received Import Request.
  Time since last request: 0.000078 seconds.
  path: Assets/Low Poly Weapons VOL.1/Props/Ammunition/Bullet 7.62/Prefabs/Bullet-7.62 (DarkZinc+v2) HQ.prefab
  importAddress: Guid(881890da081606847a7cc72b5addce76) Importer(815301076,1909f56bfc062723c751e8b465ee728b)
Start importing Assets/Low Poly Weapons VOL.1/Props/Ammunition/Bullet 7.62/Prefabs/Bullet-7.62 (DarkZinc+v2) HQ.prefab using Guid(881890da081606847a7cc72b5addce76) Importer(815301076,1909f56bfc062723c751e8b465ee728b) (PreviewImporter) -> (Import Result ID: 'baac8f027d17d5ea58ae432011d86b12') in 0.09056 seconds [static and dynamic dependencies]. Details - ImportResultOutputID=ad3956200ffb0c7aa6674560114d199e DependenciesID=ca73121c1fb9ac57ca122cadfb509fd2 StaticDependenciesID=ec56f888a892a015bf5f1576f8aceeae 
Number of updated asset objects reloaded before import = 0Number of asset objects unloaded after import = 44

========================================================================
Received Prepare
Begin MonoManager ReloadAssembly
[Licensing::Client] Successfully resolved entitlement details
Leak Detected : Persistent allocates 8 individual allocations. To find out more please enable 'Preferences > Jobs > Leak Detection Level > Enabled With Stack Trace' and reproduce the leak again.
Assembly Assembly-CSharp-Editor-firstpass.dll at Library/ScriptAssemblies/Assembly-CSharp-Editor-firstpass.dll not valid. Loading of assembly skipped.
Assembly Assembly-CSharp-firstpass.dll at Library/ScriptAssemblies/Assembly-CSharp-firstpass.dll not valid. Loading of assembly skipped.
Assembly DocCodeExamples.dll at Library/ScriptAssemblies/DocCodeExamples.dll not valid. Loading of assembly skipped.
Assembly TestNewCustomAssembly.dll at Library/ScriptAssemblies/TestNewCustomAssembly.dll not valid. Loading of assembly skipped.
Assembly Unity.2D.Sprite.Package.EditorTests.dll at Library/ScriptAssemblies/Unity.2D.Sprite.Package.EditorTests.dll not valid. Loading of assembly skipped.
Assembly Unity.Analytics.DataPrivacy.Tests.dll at Library/ScriptAssemblies/Unity.Analytics.DataPrivacy.Tests.dll not valid. Loading of assembly skipped.
Assembly Unity.Analytics.StandardEvents.EditorTests.dll at Library/ScriptAssemblies/Unity.Analytics.StandardEvents.EditorTests.dll not valid. Loading of assembly skipped.
Assembly Unity.Collections.BurstCompatibilityGen.dll at Library/ScriptAssemblies/Unity.Collections.BurstCompatibilityGen.dll not valid. Loading of assembly skipped.
Assembly Unity.Collections.DocCodeSamples.dll at Library/ScriptAssemblies/Unity.Collections.DocCodeSamples.dll not valid. Loading of assembly skipped.
Assembly Unity.Collections.PerformanceTests.dll at Library/ScriptAssemblies/Unity.Collections.PerformanceTests.dll not valid. Loading of assembly skipped.
Assembly Unity.Collections.Tests.dll at Library/ScriptAssemblies/Unity.Collections.Tests.dll not valid. Loading of assembly skipped.
Assembly Unity.Collections.Tests.Playmode.dll at Library/ScriptAssemblies/Unity.Collections.Tests.Playmode.dll not valid. Loading of assembly skipped.
Assembly Unity.InputSystem.IntegrationTests.dll at Library/ScriptAssemblies/Unity.InputSystem.IntegrationTests.dll not valid. Loading of assembly skipped.
Assembly Unity.Mathematics.Tests.dll at Library/ScriptAssemblies/Unity.Mathematics.Tests.dll not valid. Loading of assembly skipped.
Assembly Unity.Multiplayer.Center.Editor.Tests.dll at Library/ScriptAssemblies/Unity.Multiplayer.Center.Editor.Tests.dll not valid. Loading of assembly skipped.
Assembly Unity.Multiplayer.Center.Tests.dll at Library/ScriptAssemblies/Unity.Multiplayer.Center.Tests.dll not valid. Loading of assembly skipped.
Assembly Unity.Nuget.Mono-Cecil.dll at Library/ScriptAssemblies/Unity.Nuget.Mono-Cecil.dll not valid. Loading of assembly skipped.
Assembly Unity.PathTracing.Editor.Tests.dll at Library/ScriptAssemblies/Unity.PathTracing.Editor.Tests.dll not valid. Loading of assembly skipped.
Assembly Unity.PathTracing.Runtime.Tests.dll at Library/ScriptAssemblies/Unity.PathTracing.Runtime.Tests.dll not valid. Loading of assembly skipped.
Assembly Unity.Performance.Profile-Analyzer.EditorTests.dll at Library/ScriptAssemblies/Unity.Performance.Profile-Analyzer.EditorTests.dll not valid. Loading of assembly skipped.
Assembly Unity.Postprocessing.Editor.Tests.dll at Library/ScriptAssemblies/Unity.Postprocessing.Editor.Tests.dll not valid. Loading of assembly skipped.
Assembly Unity.Postprocessing.Runtime.Tests.dll at Library/ScriptAssemblies/Unity.Postprocessing.Runtime.Tests.dll not valid. Loading of assembly skipped.
Assembly Unity.RenderPipelines.Core.Editor.Tests.dll at Library/ScriptAssemblies/Unity.RenderPipelines.Core.Editor.Tests.dll not valid. Loading of assembly skipped.
Assembly Unity.RenderPipelines.Core.Runtime.Tests.dll at Library/ScriptAssemblies/Unity.RenderPipelines.Core.Runtime.Tests.dll not valid. Loading of assembly skipped.
Assembly Unity.RenderPipelines.HighDefinition.Editor.Tests.dll at Library/ScriptAssemblies/Unity.RenderPipelines.HighDefinition.Editor.Tests.dll not valid. Loading of assembly skipped.
Assembly Unity.RenderPipelines.HighDefinition.Runtime.Tests.dll at Library/ScriptAssemblies/Unity.RenderPipelines.HighDefinition.Runtime.Tests.dll not valid. Loading of assembly skipped.
Assembly Unity.RenderPipelines.HighDefinitionConfig.Editor.Tests.dll at Library/ScriptAssemblies/Unity.RenderPipelines.HighDefinitionConfig.Editor.Tests.dll not valid. Loading of assembly skipped.
Assembly Unity.RenderPipelines.Universal.Config.Editor.Tests.dll at Library/ScriptAssemblies/Unity.RenderPipelines.Universal.Config.Editor.Tests.dll not valid. Loading of assembly skipped.
Assembly Unity.RenderPipelines.Universal.Editor.Tests.dll at Library/ScriptAssemblies/Unity.RenderPipelines.Universal.Editor.Tests.dll not valid. Loading of assembly skipped.
Assembly Unity.RenderPipelines.Universal.Runtime.Tests.dll at Library/ScriptAssemblies/Unity.RenderPipelines.Universal.Runtime.Tests.dll not valid. Loading of assembly skipped.
Assembly Unity.Searcher.EditorTests.dll at Library/ScriptAssemblies/Unity.Searcher.EditorTests.dll not valid. Loading of assembly skipped.
Assembly Unity.Settings.Tests.dll at Library/ScriptAssemblies/Unity.Settings.Tests.dll not valid. Loading of assembly skipped.
Assembly Unity.ShaderGraph.Editor.Tests.dll at Library/ScriptAssemblies/Unity.ShaderGraph.Editor.Tests.dll not valid. Loading of assembly skipped.
Assembly Unity.TestTools.CodeCoverage.Editor.Compatibility.dll at Library/ScriptAssemblies/Unity.TestTools.CodeCoverage.Editor.Compatibility.dll not valid. Loading of assembly skipped.
Assembly Unity.TextMeshPro.Editor.Tests.dll at Library/ScriptAssemblies/Unity.TextMeshPro.Editor.Tests.dll not valid. Loading of assembly skipped.
Assembly Unity.TextMeshPro.Tests.dll at Library/ScriptAssemblies/Unity.TextMeshPro.Tests.dll not valid. Loading of assembly skipped.
Assembly Unity.UnifiedRayTracing.Editor.Tests.dll at Library/ScriptAssemblies/Unity.UnifiedRayTracing.Editor.Tests.dll not valid. Loading of assembly skipped.
Assembly Unity.VisualEffectGraph.Editor.Tests.dll at Library/ScriptAssemblies/Unity.VisualEffectGraph.Editor.Tests.dll not valid. Loading of assembly skipped.
Assembly Unity.VisualEffectGraph.Runtime.Tests.dll at Library/ScriptAssemblies/Unity.VisualEffectGraph.Runtime.Tests.dll not valid. Loading of assembly skipped.
Assembly UnityEditor.UI.Common.Tests.dll at Library/ScriptAssemblies/UnityEditor.UI.Common.Tests.dll not valid. Loading of assembly skipped.
Assembly UnityEditor.UI.EditorTests.dll at Library/ScriptAssemblies/UnityEditor.UI.EditorTests.dll not valid. Loading of assembly skipped.
Assembly UnityEngine.UI.Tests.dll at Library/ScriptAssemblies/UnityEngine.UI.Tests.dll not valid. Loading of assembly skipped.
Refreshing native plugins compatible for Editor in 6.90 ms, found 4 plugins.
Native extension for WindowsStandalone target not found
[Package Manager] Failed to launch server process. Reason: Unity was launched with the -noUpm command-line argument
[Package Manager] Unable to send message (not connected to server process).
[Package Manager] Cannot connect to Unity Package Manager local server
[Package Manager] Failed to launch server process. Reason: Unity was launched with the -noUpm command-line argument
[Package Manager] Unable to send message (not connected to server process).
[Package Manager] Cannot connect to Unity Package Manager local server
ScheduleIndexationOnStartup MainProcess:False IndexOnStartup:True
Mono: successfully reloaded assembly
- Finished resetting the current domain, in  3.197 seconds
Domain Reload Profiling: 5846ms
	BeginReloadAssembly (552ms)
		DisableScriptedObjects (83ms)
		CreateAndSetChildDomain (190ms)
	RebuildCommonClasses (41ms)
	RebuildNativeTypeToScriptingClass (12ms)
	initialDomainReloadingComplete (146ms)
	LoadAllAssembliesAndSetupDomain (1897ms)
		LoadAssemblies (1478ms)
		AnalyzeDomain (544ms)
			TypeCache.Refresh (13ms)
			BuildScriptInfoCaches (513ms)
			ResolveRequiredComponents (14ms)
	FinalizeReload (3199ms)
		SetupLoadedEditorAssemblies (0ms)
			InitializePlatformSupportModulesInManaged (5ms)
			BeforeProcessingInitializeOnLoad (776ms)
			ProcessInitializeOnLoadAttributes (1352ms)
			ProcessInitializeOnLoadMethodAttributes (327ms)
			AfterProcessingInitializeOnLoad (15ms)
		AwakeInstancesAfterBackupRestoration (68ms)
WARNING: Shader Unsupported: 'Hidden/Universal Render Pipeline/Terrain/Lit (Base Pass)' - All subshaders removed
WARNING: Shader Did you use #pragma only_renderers and omit this platform?
WARNING: Shader If subshaders removal was intentional, you may have forgotten turning Fallback off?
WARNING: Shader Unsupported: 'Universal Render Pipeline/Terrain/Lit' - All subshaders removed
WARNING: Shader Did you use #pragma only_renderers and omit this platform?
WARNING: Shader If subshaders removal was intentional, you may have forgotten turning Fallback off?
Refreshing native plugins compatible for Editor in 7.33 ms, found 4 plugins.
Unloading 41 Unused Serialized files (Serialized files now loaded: 0)
Unloading 8891 unused Assets / (8.1 MB). Loaded Objects now: 10305.
Memory consumption went from 340.6 MB to 332.6 MB.
Total: 26.019700 ms (FindLiveObjects: 3.085300 ms CreateObjectMapping: 1.193300 ms MarkObjects: 13.529900 ms  DeleteObjects: 8.201500 ms)

Prepare: number of updated asset objects reloaded= 0
========================================================================
Received Import Request.
  Time since last request: 7916.018254 seconds.
  path: Assets/Low Poly Weapons VOL.1/Props/Ammunition/Bullet 7.62/Prefabs/Shell-DarkZinc.prefab
  importAddress: Guid(062c6fc650067834abcbfd3417e3940f) Importer(2089858483,b0f066a214c2f5e87bad3c948f4d605d)
Start importing Assets/Low Poly Weapons VOL.1/Props/Ammunition/Bullet 7.62/Prefabs/Shell-DarkZinc.prefab using Guid(062c6fc650067834abcbfd3417e3940f) Importer(2089858483,b0f066a214c2f5e87bad3c948f4d605d) (ScriptedImporter) -> (Import Result ID: 'b9dea8622b95969b15bd0fb68579f71a') in 1.0335786 seconds [static and dynamic dependencies]. Details - ImportResultOutputID=542c462269d53f1867fa267c0f27fee4 DependenciesID=e43e80fe0ff264ae1f7ae53aed60176d StaticDependenciesID=9e23cff87785d7a8a3fef4950a585a3c 
Number of updated asset objects reloaded before import = 0Number of asset objects unloaded after import = 19

========================================================================
Received Import Request.
  Time since last request: 0.000818 seconds.
  path: Assets/Low Poly Weapons VOL.1/Props/Ammunition/Bullet 7.62/Prefabs/Bullet-Copper.prefab
  importAddress: Guid(a4571f10673d6734494ba25f01b70792) Importer(2089858483,b0f066a214c2f5e87bad3c948f4d605d)
Start importing Assets/Low Poly Weapons VOL.1/Props/Ammunition/Bullet 7.62/Prefabs/Bullet-Copper.prefab using Guid(a4571f10673d6734494ba25f01b70792) Importer(2089858483,b0f066a214c2f5e87bad3c948f4d605d) (ScriptedImporter) -> (Import Result ID: '3ea38f1bfcb3b98a56ce4058f1bfd61a') in 0.0591892 seconds [static and dynamic dependencies]. Details - ImportResultOutputID=699df7210619341b8c70aa803de2e286 DependenciesID=68569407bab68ebe2a7ad5638f59c37b StaticDependenciesID=9d0e864a240615aea072ef78321628b4 
Number of updated asset objects reloaded before import = 0Number of asset objects unloaded after import = 19

========================================================================
Received Import Request.
  Time since last request: 0.000036 seconds.
  path: Assets/Low Poly Weapons VOL.1/Props/Ammunition/Bullet 7.62/Textures/Shell_DarckZinc_DIFFUSE.png
  importAddress: Guid(f535988dc059262499270a7292907f7e) Importer(2089858483,b0f066a214c2f5e87bad3c948f4d605d)
Start importing Assets/Low Poly Weapons VOL.1/Props/Ammunition/Bullet 7.62/Textures/Shell_DarckZinc_DIFFUSE.png using Guid(f535988dc059262499270a7292907f7e) Importer(2089858483,b0f066a214c2f5e87bad3c948f4d605d) (ScriptedImporter) -> (Import Result ID: '8808ce3ad9eb995cafb4f9d40121604e') in 0.2097214 seconds [static and dynamic dependencies]. Details - ImportResultOutputID=36002a7705b11e77439ee27b3bfeb50a DependenciesID=ec67aa823c0d95172b1947a918b776b7 StaticDependenciesID=b70297ae621da650295b5d38dc8f0fa0 
Number of updated asset objects reloaded before import = 0Number of asset objects unloaded after import = 1

========================================================================
Received Import Request.
  Time since last request: 0.000041 seconds.
  path: Assets/Low Poly Weapons VOL.1/Props/Ammunition/Example/Scripts/Editor
  importAddress: Guid(5b56296321273254d8a5f9d0741a469f) Importer(2089858483,b0f066a214c2f5e87bad3c948f4d605d)
Start importing Assets/Low Poly Weapons VOL.1/Props/Ammunition/Example/Scripts/Editor using Guid(5b56296321273254d8a5f9d0741a469f) Importer(2089858483,b0f066a214c2f5e87bad3c948f4d605d) (ScriptedImporter) -> (Import Result ID: 'd217b677ea69f858ae609476c1ce567f') in 0.0111867 seconds [static and dynamic dependencies]. Details - ImportResultOutputID=ef1855caa27fee75af0a80548e63fa24 DependenciesID=84abe03f4a83c35bc374b58b0a5f79f9 StaticDependenciesID=f0dc4db8a5384d582ce0675422cb276e 
Number of updated asset objects reloaded before import = 0Number of asset objects unloaded after import = 1

========================================================================
Received Import Request.
  Time since last request: 0.000056 seconds.
  path: Assets/Low Poly Weapons VOL.1/Props/Ammunition/Bullet 7.62/Mesh/Materials/Shell_Copper.mat
  importAddress: Guid(0e9ff397d48330c4895d7e259caf7426) Importer(2089858483,b0f066a214c2f5e87bad3c948f4d605d)
Start importing Assets/Low Poly Weapons VOL.1/Props/Ammunition/Bullet 7.62/Mesh/Materials/Shell_Copper.mat using Guid(0e9ff397d48330c4895d7e259caf7426) Importer(2089858483,b0f066a214c2f5e87bad3c948f4d605d) (ScriptedImporter) -> (Import Result ID: '6ee1703b75113c921dee9c58d0735f9c') in 0.8261003 seconds [static and dynamic dependencies]. Details - ImportResultOutputID=ad33bbcf36c10c6b4fa4d5cd66db4c2e DependenciesID=caf4e0efaf104ae93003ef7e6f9358b0 StaticDependenciesID=056da42849fbdce7b9a69c17d1f51804 
Number of updated asset objects reloaded before import = 0Number of asset objects unloaded after import = 3

========================================================================
Received Import Request.
  Time since last request: 0.000106 seconds.
  path: Assets/Low Poly Weapons VOL.1/Props/Ammunition/Bullet 9x19/Textures/Bullet_AO.png
  importAddress: Guid(87c7a898995472d40a5a400ef1218dc6) Importer(2089858483,b0f066a214c2f5e87bad3c948f4d605d)
Start importing Assets/Low Poly Weapons VOL.1/Props/Ammunition/Bullet 9x19/Textures/Bullet_AO.png using Guid(87c7a898995472d40a5a400ef1218dc6) Importer(2089858483,b0f066a214c2f5e87bad3c948f4d605d) (ScriptedImporter) -> (Import Result ID: '8866efe2b3fe2ca819509f6b656e6e7f') in 0.0674074 seconds [static and dynamic dependencies]. Details - ImportResultOutputID=d96dfa525f800fb3ff8b5d962b1c809b DependenciesID=8b765aca994df2d10b6430c0489439b4 StaticDependenciesID=328f590cd439c51ec4fca73577523b56 
Number of updated asset objects reloaded before import = 0Number of asset objects unloaded after import = 1

========================================================================
Received Import Request.
  Time since last request: 0.000111 seconds.
  path: Assets/Low Poly Weapons VOL.1/Props/Ammunition/Example/Scene/Scene/LightingData.asset
  importAddress: Guid(ae1f749991b9d544ab1754bf0d2dc0d3) Importer(2089858483,b0f066a214c2f5e87bad3c948f4d605d)
Start importing Assets/Low Poly Weapons VOL.1/Props/Ammunition/Example/Scene/Scene/LightingData.asset using Guid(ae1f749991b9d544ab1754bf0d2dc0d3) Importer(2089858483,b0f066a214c2f5e87bad3c948f4d605d) (ScriptedImporter)Lighting data asset ‘LightingData’ is incompatible with the current Unity version because the scene it was baked for was not serialized. Please use Generate Lighting to rebuild the lighting data, or assign the target scene to the Lighting Data Asset in the inspector.
UnityEngine.Debug:ExtractStackTraceNoAlloc (byte*,int,string)
UnityEngine.StackTraceUtility:ExtractStackTrace ()
UnityEditor.AssetDatabase:LoadMainAssetAtPath (string)
UnityEditor.Search.AssetIndexer:IndexProperties (int&,string&,bool&)
UnityEditor.Search.AssetIndexer:IndexDocument (string,bool)
UnityEditor.Search.SearchIndexArtifactImporter:OnImportAsset (UnityEditor.AssetImporters.AssetImportContext)
UnityEditor.AssetImporters.ScriptedImporter:GenerateAssetData (UnityEditor.AssetImporters.AssetImportContext)

[C:\build\output\unity\unity\Editor\Src\GI\Enlighten\LightingDataAsset.cpp line 479]

 -> (Import Result ID: '831c913410e2279bc94b9357fb57eb05') in 0.0622692 seconds [static and dynamic dependencies]. Details - ImportResultOutputID=b8514f2cc46b45d8b1a3577f864d115d DependenciesID=d53149bd66adb0a59e9aa37cec06e8fe StaticDependenciesID=3c4e8dac4afc15164499493d625d9aee 
Number of updated asset objects reloaded before import = 0Number of asset objects unloaded after import = 1

========================================================================
Received Import Request.
  Time since last request: 0.000065 seconds.
  path: Assets/OutdoorsScene.unity
  importAddress: Guid(8124e5870f4fd4c779e7a5f994e84ad1) Importer(2089858483,b0f066a214c2f5e87bad3c948f4d605d)
Start importing Assets/OutdoorsScene.unity using Guid(8124e5870f4fd4c779e7a5f994e84ad1) Importer(2089858483,b0f066a214c2f5e87bad3c948f4d605d) (ScriptedImporter) -> (Import Result ID: '55148681c38b6167c759158ea8a0c547') in 0.1228037 seconds [static and dynamic dependencies]. Details - ImportResultOutputID=410866d32960e6ea850e8e07e59546e6 DependenciesID=d222b0ec5f8f7c4de1a3abdcbbc1b516 StaticDependenciesID=0f006d8ed6a7985d8675f219841d50a8 
Number of updated asset objects reloaded before import = 0Number of asset objects unloaded after import = 1

========================================================================
Received Import Request.
  Time since last request: 0.000093 seconds.
  path: Assets/Low Poly Weapons VOL.1/Props/Ammunition/Bullet 7.62/Textures/Bullet_CopperV2_SPECULAR.png
  importAddress: Guid(921560bd1b8a2fa45b4099709d17e93f) Importer(2089858483,b0f066a214c2f5e87bad3c948f4d605d)
Start importing Assets/Low Poly Weapons VOL.1/Props/Ammunition/Bullet 7.62/Textures/Bullet_CopperV2_SPECULAR.png using Guid(921560bd1b8a2fa45b4099709d17e93f) Importer(2089858483,b0f066a214c2f5e87bad3c948f4d605d) (ScriptedImporter) -> (Import Result ID: '578560cc75ec8d12de8a735b62d1a99c') in 0.087668 seconds [static and dynamic dependencies]. Details - ImportResultOutputID=3094183a5541269cc8a8435733d23f6f DependenciesID=e64e54c869ec185de7e7d8c2939f56e4 StaticDependenciesID=5b36d534c5091cb4ca6e1904c2953599 
Number of updated asset objects reloaded before import = 0Number of asset objects unloaded after import = 1

========================================================================
Received Import Request.
  Time since last request: 0.000092 seconds.
  path: Assets/Low Poly Weapons VOL.1/Props/Ammunition/Bullet 7.62/Mesh/Materials
  importAddress: Guid(7ed3fac60dd7a75469e30a2cbeae714d) Importer(2089858483,b0f066a214c2f5e87bad3c948f4d605d)
Start importing Assets/Low Poly Weapons VOL.1/Props/Ammunition/Bullet 7.62/Mesh/Materials using Guid(7ed3fac60dd7a75469e30a2cbeae714d) Importer(2089858483,b0f066a214c2f5e87bad3c948f4d605d) (ScriptedImporter) -> (Import Result ID: 'c2a32099e409142e4f8903e69d010dfd') in 0.0190895 seconds [static and dynamic dependencies]. Details - ImportResultOutputID=82f8d91bd6110a8abe46f89589ec2f88 DependenciesID=31df61cff5c8adf8be56884c842c97ab StaticDependenciesID=bbb12167d448ad353ec6812ec5c20771 
Number of updated asset objects reloaded before import = 0Number of asset objects unloaded after import = 1

========================================================================
Received Import Request.
  Time since last request: 0.000088 seconds.
  path: Assets/Low Poly Weapons VOL.1/Props/Ammunition/Bullet 0.45/Prefabs/Bullet (HQ).prefab
  importAddress: Guid(7932449da136fc249b13fe0665479826) Importer(2089858483,b0f066a214c2f5e87bad3c948f4d605d)
Start importing Assets/Low Poly Weapons VOL.1/Props/Ammunition/Bullet 0.45/Prefabs/Bullet (HQ).prefab using Guid(7932449da136fc249b13fe0665479826) Importer(2089858483,b0f066a214c2f5e87bad3c948f4d605d) (ScriptedImporter) -> (Import Result ID: 'fa6c81162357d584b7f16fbb8e371f5d') in 0.0402829 seconds [static and dynamic dependencies]. Details - ImportResultOutputID=6fe27ad40f6edf5b7594d0db686a947a DependenciesID=05734442193d79e7eeb4df121b9cb98c StaticDependenciesID=ac199d1b9d1799cde63a583ef3e0d31f 
Number of updated asset objects reloaded before import = 0Number of asset objects unloaded after import = 17

========================================================================
Received Import Request.
  Time since last request: 0.000036 seconds.
  path: Assets/Low Poly Weapons VOL.1/Props/Ammunition/Bullet 7.62/Mesh
  importAddress: Guid(d7e1faeaa404e6641aaf02407f45c581) Importer(2089858483,b0f066a214c2f5e87bad3c948f4d605d)
Start importing Assets/Low Poly Weapons VOL.1/Props/Ammunition/Bullet 7.62/Mesh using Guid(d7e1faeaa404e6641aaf02407f45c581) Importer(2089858483,b0f066a214c2f5e87bad3c948f4d605d) (ScriptedImporter) -> (Import Result ID: 'd60eb9d684bc3eb47a64349da063cb13') in 0.0138076 seconds [static and dynamic dependencies]. Details - ImportResultOutputID=41d3c61d259cbf0e7028bd98ff02ce79 DependenciesID=2dc8aeb1b04da5f907d0cc297efe0fe6 StaticDependenciesID=debaf57eb0435a738cacebd06e3609e6 
Number of updated asset objects reloaded before import = 0Number of asset objects unloaded after import = 1

========================================================================
Received Import Request.
  Time since last request: 0.000050 seconds.
  path: Assets/Low Poly Weapons VOL.1/Props/Ammunition/Example/Materials
  importAddress: Guid(3a5aecf4ad61f3a419d749de4c63db1d) Importer(2089858483,b0f066a214c2f5e87bad3c948f4d605d)
Start importing Assets/Low Poly Weapons VOL.1/Props/Ammunition/Example/Materials using Guid(3a5aecf4ad61f3a419d749de4c63db1d) Importer(2089858483,b0f066a214c2f5e87bad3c948f4d605d) (ScriptedImporter) -> (Import Result ID: 'b086b35438ac8a3ec68e10a70119841e') in 0.0123799 seconds [static and dynamic dependencies]. Details - ImportResultOutputID=a39b485f3dcc82b21392b33696899e3a DependenciesID=bf9a9bd289a8ce76f63521644a113238 StaticDependenciesID=79ac02caec5fdb0bfdbf077eaab71ed5 
Number of updated asset objects reloaded before import = 0Number of asset objects unloaded after import = 1

========================================================================
Received Import Request.
  Time since last request: 0.000031 seconds.
  path: Assets/Low Poly Weapons VOL.1/Props/Ammunition/Bullet 7.62/Mesh/Materials/Bullet_Copper.mat
  importAddress: Guid(30df17d6cdcf07f49ba0dbc9f4064fbc) Importer(2089858483,b0f066a214c2f5e87bad3c948f4d605d)
Start importing Assets/Low Poly Weapons VOL.1/Props/Ammunition/Bullet 7.62/Mesh/Materials/Bullet_Copper.mat using Guid(30df17d6cdcf07f49ba0dbc9f4064fbc) Importer(2089858483,b0f066a214c2f5e87bad3c948f4d605d) (ScriptedImporter) -> (Import Result ID: 'fda096b794ad33107fccecd15467aa4b') in 0.0390961 seconds [static and dynamic dependencies]. Details - ImportResultOutputID=38d7034a91a5f36f0079fed31bf040ca DependenciesID=14260e238e0573c6650db0e0f07444d4 StaticDependenciesID=26a4b72ef73ba1163fedbed72caeae53 
Number of updated asset objects reloaded before import = 0Number of asset objects unloaded after import = 3

========================================================================
Received Import Request.
  Time since last request: 0.000055 seconds.
  path: Assets/Low Poly Weapons VOL.1/Props/Ammunition/Bullet 7.62/Prefabs/Bullet-Copper_v2.prefab
  importAddress: Guid(c8fd62ec06a546646878a10bd648ad01) Importer(2089858483,b0f066a214c2f5e87bad3c948f4d605d)
Start importing Assets/Low Poly Weapons VOL.1/Props/Ammunition/Bullet 7.62/Prefabs/Bullet-Copper_v2.prefab using Guid(c8fd62ec06a546646878a10bd648ad01) Importer(2089858483,b0f066a214c2f5e87bad3c948f4d605d) (ScriptedImporter) -> (Import Result ID: '24f5a5a33910fbd29fcbbe7ecf200b38') in 0.0394799 seconds [static and dynamic dependencies]. Details - ImportResultOutputID=c1bfb6f714ead9ee134d2a673668f662 DependenciesID=331445680e74a03763a1ae848ad42613 StaticDependenciesID=adb12f413e1eb360c4dbf1d01c6220fd 
Number of updated asset objects reloaded before import = 0Number of asset objects unloaded after import = 19

========================================================================
Received Import Request.
  Time since last request: 0.000036 seconds.
  path: Assets/Low Poly Weapons VOL.1/Props/Ammunition/Bullet 0.45/Textures/Bullet045_SPECULAR.png
  importAddress: Guid(4a613129fb0381141a9a88d5c91530a5) Importer(2089858483,b0f066a214c2f5e87bad3c948f4d605d)
Start importing Assets/Low Poly Weapons VOL.1/Props/Ammunition/Bullet 0.45/Textures/Bullet045_SPECULAR.png using Guid(4a613129fb0381141a9a88d5c91530a5) Importer(2089858483,b0f066a214c2f5e87bad3c948f4d605d) (ScriptedImporter) -> (Import Result ID: '60abc01a0d64930cef196a5c4d60ce17') in 0.0384155 seconds [static and dynamic dependencies]. Details - ImportResultOutputID=9725a92c29f0b708d3e2ae7bdbd41d1e DependenciesID=3e2d9ea17297b7249ad886ff770732a7 StaticDependenciesID=d170398cb7b5186a73efe6545481ebc0 
Number of updated asset objects reloaded before import = 0Number of asset objects unloaded after import = 1

========================================================================
Received Import Request.
  Time since last request: 0.000063 seconds.
  path: Assets/Low Poly Weapons VOL.1/Props/Ammunition/Example
  importAddress: Guid(f9450e86ea9bf254dac0c14b4d5b5dd8) Importer(2089858483,b0f066a214c2f5e87bad3c948f4d605d)
Start importing Assets/Low Poly Weapons VOL.1/Props/Ammunition/Example using Guid(f9450e86ea9bf254dac0c14b4d5b5dd8) Importer(2089858483,b0f066a214c2f5e87bad3c948f4d605d) (ScriptedImporter) -> (Import Result ID: '6633d3b9ad112de308634b7395c4405c') in 0.0132052 seconds [static and dynamic dependencies]. Details - ImportResultOutputID=7212314b0c5a0d4b89245444e055b7bf DependenciesID=a85e5a13c0c75a76c91dba6db90dd5b0 StaticDependenciesID=8e4da0b553b1833f5de1c32aa1205983 
Number of updated asset objects reloaded before import = 0Number of asset objects unloaded after import = 1

========================================================================
Received Import Request.
  Time since last request: 0.000041 seconds.
  path: Assets/Low Poly Weapons VOL.1/Props/Ammunition/Bullet 0.45/Prefabs/Shell (LP).prefab
  importAddress: Guid(da88a394786f769498081c636741b3e0) Importer(2089858483,b0f066a214c2f5e87bad3c948f4d605d)
Start importing Assets/Low Poly Weapons VOL.1/Props/Ammunition/Bullet 0.45/Prefabs/Shell (LP).prefab using Guid(da88a394786f769498081c636741b3e0) Importer(2089858483,b0f066a214c2f5e87bad3c948f4d605d) (ScriptedImporter) -> (Import Result ID: 'e3848d72241964cbc87a63780c189a2e') in 0.0451916 seconds [static and dynamic dependencies]. Details - ImportResultOutputID=a159e43cecce8fae8116c9dee96120a5 DependenciesID=dfb14b5821282975cbf3399e8362483f StaticDependenciesID=a47598d3413055dd57020dd949962b89 
Number of updated asset objects reloaded before import = 0Number of asset objects unloaded after import = 17

========================================================================
Received Import Request.
  Time since last request: 0.000103 seconds.
  path: Assets/Low Poly Weapons VOL.1/Props/Ammunition/Bullet 7.62/Mesh/Bullet_LOD0.FBX
  importAddress: Guid(0cf8d58a4e852cf4a9eb345d1dd540ce) Importer(2089858483,b0f066a214c2f5e87bad3c948f4d605d)
Start importing Assets/Low Poly Weapons VOL.1/Props/Ammunition/Bullet 7.62/Mesh/Bullet_LOD0.FBX using Guid(0cf8d58a4e852cf4a9eb345d1dd540ce) Importer(2089858483,b0f066a214c2f5e87bad3c948f4d605d) (ScriptedImporter) -> (Import Result ID: '414ccebcc98bb78b2883024883db3d8d') in 0.3982831 seconds [static and dynamic dependencies]. Details - ImportResultOutputID=fb9ab3c37e220aab635f81f8041b0a2e DependenciesID=80f557ec45450ddd5304ab675e31a97c StaticDependenciesID=5ca14b9bf60deba6df090d3039cf5126 
Number of updated asset objects reloaded before import = 0Number of asset objects unloaded after import = 10

========================================================================
Received Import Request.
  Time since last request: 0.000037 seconds.
  path: Assets/Low Poly Weapons VOL.1/Props/Ammunition/Bullet 9x19/Textures/Shell_Albedo.png
  importAddress: Guid(5c4e6036dec345b4e846a96d72319c83) Importer(2089858483,b0f066a214c2f5e87bad3c948f4d605d)
Start importing Assets/Low Poly Weapons VOL.1/Props/Ammunition/Bullet 9x19/Textures/Shell_Albedo.png using Guid(5c4e6036dec345b4e846a96d72319c83) Importer(2089858483,b0f066a214c2f5e87bad3c948f4d605d) (ScriptedImporter) -> (Import Result ID: '231cf9195ee867969eac8a21ff580fea') in 0.0487157 seconds [static and dynamic dependencies]. Details - ImportResultOutputID=e960298e7f1dc680fc496db2337cd63e DependenciesID=2ee711c1907e4a6532ef5e5ed111c3e5 StaticDependenciesID=6307cb80f8057425b27c2c3df4857563 
Number of updated asset objects reloaded before import = 0Number of asset objects unloaded after import = 1

========================================================================
Received Import Request.
  Time since last request: 0.000051 seconds.
  path: Assets/Low Poly Weapons VOL.1/Props/Ammunition/Bullet 7.62/Textures/Shell_Copper_SPECULAR.png
  importAddress: Guid(f849f502225cd8c449f827baa1af037f) Importer(2089858483,b0f066a214c2f5e87bad3c948f4d605d)
Start importing Assets/Low Poly Weapons VOL.1/Props/Ammunition/Bullet 7.62/Textures/Shell_Copper_SPECULAR.png using Guid(f849f502225cd8c449f827baa1af037f) Importer(2089858483,b0f066a214c2f5e87bad3c948f4d605d) (ScriptedImporter) -> (Import Result ID: '46a472688153a8bebafd6e1370054261') in 0.0431839 seconds [static and dynamic dependencies]. Details - ImportResultOutputID=21ff4e39e5b0fd71cde7eec4c12de5ac DependenciesID=ee34ca4d28090b4b09528e27ef802ae9 StaticDependenciesID=ab65e8a893e659fb1e67c141828ce0c0 
Number of updated asset objects reloaded before import = 0Number of asset objects unloaded after import = 1

========================================================================
Received Import Request.
  Time since last request: 0.000032 seconds.
  path: Assets/Low Poly Weapons VOL.1/Props/Ammunition/Bullet 7.62/Prefabs/Bullet-7.62 (DarkZinc+v2) HQ.prefab
  importAddress: Guid(881890da081606847a7cc72b5addce76) Importer(2089858483,b0f066a214c2f5e87bad3c948f4d605d)
Start importing Assets/Low Poly Weapons VOL.1/Props/Ammunition/Bullet 7.62/Prefabs/Bullet-7.62 (DarkZinc+v2) HQ.prefab using Guid(881890da081606847a7cc72b5addce76) Importer(2089858483,b0f066a214c2f5e87bad3c948f4d605d) (ScriptedImporter) -> (Import Result ID: '0ac8ef86833fffa36483133d0ee82628') in 0.0458811 seconds [static and dynamic dependencies]. Details - ImportResultOutputID=7f33d240cd18e2a587be985fdf47ec84 DependenciesID=389cb92269d9f29a4525ab4d2e0ed5bd StaticDependenciesID=ebac01c15434dae5ed0dfe0b9c85193a 
Number of updated asset objects reloaded before import = 0Number of asset objects unloaded after import = 33

========================================================================
Received Import Request.
  Time since last request: 0.000098 seconds.
  path: Assets/Low Poly Weapons VOL.1/Props/Ammunition/Bullet 7.62/Textures
  importAddress: Guid(54ef6350bd032a74d9d8d9b2fd951c69) Importer(2089858483,b0f066a214c2f5e87bad3c948f4d605d)
Start importing Assets/Low Poly Weapons VOL.1/Props/Ammunition/Bullet 7.62/Textures using Guid(54ef6350bd032a74d9d8d9b2fd951c69) Importer(2089858483,b0f066a214c2f5e87bad3c948f4d605d) (ScriptedImporter) -> (Import Result ID: '6241479d3e48298a5f337da1441fd7cb') in 0.0261698 seconds [static and dynamic dependencies]. Details - ImportResultOutputID=46e872e53d527ebd59028b6202990cf9 DependenciesID=f8beaf415d0ebc536d6ce1b16e419f57 StaticDependenciesID=d2ea89b012d609d5b50c208b5d1a3e6f 
Number of updated asset objects reloaded before import = 0Number of asset objects unloaded after import = 1

========================================================================
Received Import Request.
  Time since last request: 0.000040 seconds.
  path: Assets/Low Poly Weapons VOL.1/Props/Ammunition/Example/Scripts
  importAddress: Guid(0681de995966c9b4683018842c10ec7d) Importer(2089858483,b0f066a214c2f5e87bad3c948f4d605d)
Start importing Assets/Low Poly Weapons VOL.1/Props/Ammunition/Example/Scripts using Guid(0681de995966c9b4683018842c10ec7d) Importer(2089858483,b0f066a214c2f5e87bad3c948f4d605d) (ScriptedImporter) -> (Import Result ID: '45bc34802e03eb6a0523c9a561f8d33a') in 0.0281885 seconds [static and dynamic dependencies]. Details - ImportResultOutputID=7d14634c74232496e50d96d0866231e6 DependenciesID=789221dbaad020e1d4e40b244e017302 StaticDependenciesID=263d5278b98d66847ea4fbaae2fe96e9 
Number of updated asset objects reloaded before import = 0Number of asset objects unloaded after import = 1

========================================================================
Received Import Request.
  Time since last request: 0.000097 seconds.
  path: Assets/Low Poly Weapons VOL.1/Props/Ammunition/Example/Scripts/AmmunitionShowRoom_AD.asmdef
  importAddress: Guid(901d8785f488a284b8f3ca9fdaec9b46) Importer(2089858483,b0f066a214c2f5e87bad3c948f4d605d)
Start importing Assets/Low Poly Weapons VOL.1/Props/Ammunition/Example/Scripts/AmmunitionShowRoom_AD.asmdef using Guid(901d8785f488a284b8f3ca9fdaec9b46) Importer(2089858483,b0f066a214c2f5e87bad3c948f4d605d) (ScriptedImporter) -> (Import Result ID: '369423010abc78a50413ec46d2b3f145') in 0.0329985 seconds [static and dynamic dependencies]. Details - ImportResultOutputID=0743fd4a59b3865b650814fdc255d007 DependenciesID=4fb0c09be97cb2bcb8bbb4e747b540b5 StaticDependenciesID=40aed55975b40581b53cc67f9eb27e58 
Number of updated asset objects reloaded before import = 0Number of asset objects unloaded after import = 1

========================================================================
Received Import Request.
  Time since last request: 0.000027 seconds.
  path: Assets/Low Poly Weapons VOL.1/Props/Ammunition/Bullet 0.45/Textures/Bullet045_AO.png
  importAddress: Guid(e5421c6ada49618449127ad21481acaf) Importer(2089858483,b0f066a214c2f5e87bad3c948f4d605d)
Start importing Assets/Low Poly Weapons VOL.1/Props/Ammunition/Bullet 0.45/Textures/Bullet045_AO.png using Guid(e5421c6ada49618449127ad21481acaf) Importer(2089858483,b0f066a214c2f5e87bad3c948f4d605d) (ScriptedImporter) -> (Import Result ID: '68a6a4d38a6cd709626faab89d656366') in 0.0318709 seconds [static and dynamic dependencies]. Details - ImportResultOutputID=766456b5a73fe535f78b055690c7eb3a DependenciesID=e74451620402fcef1a0640446995cc73 StaticDependenciesID=bc57456c3cea5e65e2aeb6bd57227e5c 
Number of updated asset objects reloaded before import = 0Number of asset objects unloaded after import = 1

========================================================================
Received Import Request.
  Time since last request: 0.000046 seconds.
  path: Assets/Low Poly Weapons VOL.1/Props/Ammunition/Bullet 7.62/Textures/Bullet_Copper_DIFFUSE.png
  importAddress: Guid(07c27c30bf00c2649a533c115372c852) Importer(2089858483,b0f066a214c2f5e87bad3c948f4d605d)
Start importing Assets/Low Poly Weapons VOL.1/Props/Ammunition/Bullet 7.62/Textures/Bullet_Copper_DIFFUSE.png using Guid(07c27c30bf00c2649a533c115372c852) Importer(2089858483,b0f066a214c2f5e87bad3c948f4d605d) (ScriptedImporter) -> (Import Result ID: '49bcbc7795e2c45c43c793d58e4548da') in 0.0356455 seconds [static and dynamic dependencies]. Details - ImportResultOutputID=a4700e1ec2ff8ad10c42f43e0a5ae195 DependenciesID=9e190cf1bde5d3d4c899551c240ec9bc StaticDependenciesID=3180a6c5ed6de131df1669372ce3465f 
Number of updated asset objects reloaded before import = 0Number of asset objects unloaded after import = 1

========================================================================
Received Import Request.
  Time since last request: 0.000072 seconds.
  path: Assets/Low Poly Weapons VOL.1/Props/Ammunition/Bullet 0.45/Mesh/High-Poly/Shell_LOD0.FBX
  importAddress: Guid(cf069076716d43e429b8e45f1b7cc1cc) Importer(2089858483,b0f066a214c2f5e87bad3c948f4d605d)
Start importing Assets/Low Poly Weapons VOL.1/Props/Ammunition/Bullet 0.45/Mesh/High-Poly/Shell_LOD0.FBX using Guid(cf069076716d43e429b8e45f1b7cc1cc) Importer(2089858483,b0f066a214c2f5e87bad3c948f4d605d) (ScriptedImporter) -> (Import Result ID: '992bac816f033080df280c3885c0a487') in 0.098625 seconds [static and dynamic dependencies]. Details - ImportResultOutputID=f09bff322aa12b25e5b3c99f4a70d2ce DependenciesID=08e4db65e310e990688626c41aee172d StaticDependenciesID=91e163f18f3a60629728ea88eacbf8b9 
Number of updated asset objects reloaded before import = 0Number of asset objects unloaded after import = 10

========================================================================
Received Import Request.
  Time since last request: 0.000071 seconds.
  path: Assets/Low Poly Weapons VOL.1/Props/Ammunition/Example/Scene/Scene.unity
  importAddress: Guid(bbed292f6764608458264931940712fa) Importer(2089858483,b0f066a214c2f5e87bad3c948f4d605d)
Start importing Assets/Low Poly Weapons VOL.1/Props/Ammunition/Example/Scene/Scene.unity using Guid(bbed292f6764608458264931940712fa) Importer(2089858483,b0f066a214c2f5e87bad3c948f4d605d) (ScriptedImporter) -> (Import Result ID: 'f26a88dac13df84e62c5bdaae729555f') in 0.0272104 seconds [static and dynamic dependencies]. Details - ImportResultOutputID=50f18a3c66b4916ca9b6e437de27bf39 DependenciesID=7acd028c25a4c4aa7848494ea0cc1cc4 StaticDependenciesID=167c14b50f58be4c1b9538837a31871c 
Number of updated asset objects reloaded before import = 0Number of asset objects unloaded after import = 1

========================================================================
Received Import Request.
  Time since last request: 0.000056 seconds.
  path: Assets/Low Poly Weapons VOL.1/Props/Ammunition/Bullet 0.45/Textures/Bullet045_DIFFUSE.png
  importAddress: Guid(f4c73e4dc5b9ab743b6b8d6e13ad87be) Importer(2089858483,b0f066a214c2f5e87bad3c948f4d605d)
Start importing Assets/Low Poly Weapons VOL.1/Props/Ammunition/Bullet 0.45/Textures/Bullet045_DIFFUSE.png using Guid(f4c73e4dc5b9ab743b6b8d6e13ad87be) Importer(2089858483,b0f066a214c2f5e87bad3c948f4d605d) (ScriptedImporter) -> (Import Result ID: '7912e30a89cb9e0eb7b44c9201638b59') in 0.044654 seconds [static and dynamic dependencies]. Details - ImportResultOutputID=c52d478a66bb7da962af8d41ab89a3d8 DependenciesID=dc3979d9b6032a8fe13c01db6c8338fa StaticDependenciesID=fbaa7c3e6e5ed1695de50ab01dc28391 
Number of updated asset objects reloaded before import = 0Number of asset objects unloaded after import = 1

========================================================================
Received Import Request.
  Time since last request: 0.000092 seconds.
  path: Assets/Low Poly Weapons VOL.1/Props/Ammunition/Bullet 0.45/Mesh/Low-Poly
  importAddress: Guid(0d6db0963bc769f478fa0bb3a0bcf7c7) Importer(2089858483,b0f066a214c2f5e87bad3c948f4d605d)
Start importing Assets/Low Poly Weapons VOL.1/Props/Ammunition/Bullet 0.45/Mesh/Low-Poly using Guid(0d6db0963bc769f478fa0bb3a0bcf7c7) Importer(2089858483,b0f066a214c2f5e87bad3c948f4d605d) (ScriptedImporter) -> (Import Result ID: '8175b2c7ed96fd1939cf582ee55fb2dd') in 0.020229 seconds [static and dynamic dependencies]. Details - ImportResultOutputID=302710b39974a7a8ac67be4809aff78d DependenciesID=fdf80a3c3b9f65b6f91459012f957196 StaticDependenciesID=2523b7fb29a2249906209dc7928eebcf 
Number of updated asset objects reloaded before import = 0Number of asset objects unloaded after import = 1

========================================================================
Received Import Request.
  Time since last request: 0.000037 seconds.
  path: Assets/Low Poly Weapons VOL.1/Props/Ammunition/Bullet 0.45/Textures/Bullet045_NORMAL.png
  importAddress: Guid(9e3038f488639424c919c1f67c330a7e) Importer(2089858483,b0f066a214c2f5e87bad3c948f4d605d)
Start importing Assets/Low Poly Weapons VOL.1/Props/Ammunition/Bullet 0.45/Textures/Bullet045_NORMAL.png using Guid(9e3038f488639424c919c1f67c330a7e) Importer(2089858483,b0f066a214c2f5e87bad3c948f4d605d) (ScriptedImporter) -> (Import Result ID: 'd1a0c99fb394417d22ec425ada746499') in 0.09346 seconds [static and dynamic dependencies]. Details - ImportResultOutputID=5c607637e4b0921660b4a10ac8258813 DependenciesID=4fe8b7e1e35251e9c1e8e8fa23c7ab78 StaticDependenciesID=588cc80f1ef3af28363c32c81929695b 
Number of updated asset objects reloaded before import = 0Number of asset objects unloaded after import = 1

========================================================================
Received Import Request.
  Time since last request: 0.000078 seconds.
  path: Assets/Low Poly Weapons VOL.1/Props/Ammunition/Bullet 7.62/Mesh/Bullet.FBX
  importAddress: Guid(69fc11a3163826f4da0c0d93337f74f9) Importer(2089858483,b0f066a214c2f5e87bad3c948f4d605d)
Start importing Assets/Low Poly Weapons VOL.1/Props/Ammunition/Bullet 7.62/Mesh/Bullet.FBX using Guid(69fc11a3163826f4da0c0d93337f74f9) Importer(2089858483,b0f066a214c2f5e87bad3c948f4d605d) (ScriptedImporter) -> (Import Result ID: '310a32258936da7cffe0c8e2028f1791') in 0.1051729 seconds [static and dynamic dependencies]. Details - ImportResultOutputID=716afa6bb7a9920c56d534fe2f5e8041 DependenciesID=00d98b3586e01748e57aa30815158955 StaticDependenciesID=54399731f2944693dceb00b835a48609 
Number of updated asset objects reloaded before import = 0Number of asset objects unloaded after import = 10

========================================================================
Received Import Request.
  Time since last request: 0.000070 seconds.
  path: Assets/Low Poly Weapons VOL.1/Props/Ammunition/Bullet 7.62/Textures/Bullet_Copper_SPECULAR.png
  importAddress: Guid(0558472541d66554e826409b8369ae63) Importer(2089858483,b0f066a214c2f5e87bad3c948f4d605d)
Start importing Assets/Low Poly Weapons VOL.1/Props/Ammunition/Bullet 7.62/Textures/Bullet_Copper_SPECULAR.png using Guid(0558472541d66554e826409b8369ae63) Importer(2089858483,b0f066a214c2f5e87bad3c948f4d605d) (ScriptedImporter) -> (Import Result ID: 'a06c404c26ab973cc4468e131be47633') in 0.0518537 seconds [static and dynamic dependencies]. Details - ImportResultOutputID=059db818ee3aa683dbc0f6d86a0676bb DependenciesID=d1ec070e504245c5b0606a61998df47d StaticDependenciesID=e382f6d2b9ff67d6265158a911c99b63 
Number of updated asset objects reloaded before import = 0Number of asset objects unloaded after import = 1

========================================================================
Received Import Request.
  Time since last request: 0.000052 seconds.
  path: Assets/Low Poly Weapons VOL.1/Props/Ammunition/Bullet 9x19/Textures/Bullet_Specular.png
  importAddress: Guid(4a831d12979017e43ba4c89682f2b27b) Importer(2089858483,b0f066a214c2f5e87bad3c948f4d605d)
Start importing Assets/Low Poly Weapons VOL.1/Props/Ammunition/Bullet 9x19/Textures/Bullet_Specular.png using Guid(4a831d12979017e43ba4c89682f2b27b) Importer(2089858483,b0f066a214c2f5e87bad3c948f4d605d) (ScriptedImporter) -> (Import Result ID: 'f17c750788e529e747aa651508393924') in 0.0875342 seconds [static and dynamic dependencies]. Details - ImportResultOutputID=33d5c1be6d435d737cea18e377e48828 DependenciesID=721caa8bfa50357fd1d742d3b4a9ed96 StaticDependenciesID=4b29dee29dc09aab819c0053c3664e41 
Number of updated asset objects reloaded before import = 0Number of asset objects unloaded after import = 1

========================================================================
Received Import Request.
  Time since last request: 0.000049 seconds.
  path: Assets/Low Poly Weapons VOL.1/Props/Ammunition/Bullet 9x19/Mesh/Materials/Shell.mat
  importAddress: Guid(f26145e9206d16340b5ebd3c0ff70300) Importer(2089858483,b0f066a214c2f5e87bad3c948f4d605d)
Start importing Assets/Low Poly Weapons VOL.1/Props/Ammunition/Bullet 9x19/Mesh/Materials/Shell.mat using Guid(f26145e9206d16340b5ebd3c0ff70300) Importer(2089858483,b0f066a214c2f5e87bad3c948f4d605d) (ScriptedImporter) -> (Import Result ID: '4f28846d7ddc1207282d78e48dd18c51') in 0.0891554 seconds [static and dynamic dependencies]. Details - ImportResultOutputID=b1e0995c55701673378e9b233c800a3c DependenciesID=1bfd84da84e8f5dec8bdf74ff6fd17a8 StaticDependenciesID=cda0ea196e17c094b90e30193339632a 
Number of updated asset objects reloaded before import = 0Number of asset objects unloaded after import = 5

========================================================================
Received Import Request.
  Time since last request: 0.000074 seconds.
  path: Assets/Low Poly Weapons VOL.1/Props/Ammunition/Bullet 7.62/Textures/Bullet_CopperV2_DIFFUSE.png
  importAddress: Guid(bd310dc5ffe6c884b9e7db03e98a3e6f) Importer(2089858483,b0f066a214c2f5e87bad3c948f4d605d)
Start importing Assets/Low Poly Weapons VOL.1/Props/Ammunition/Bullet 7.62/Textures/Bullet_CopperV2_DIFFUSE.png using Guid(bd310dc5ffe6c884b9e7db03e98a3e6f) Importer(2089858483,b0f066a214c2f5e87bad3c948f4d605d) (ScriptedImporter) -> (Import Result ID: 'e31efadfb3a909afdf87242c0e9c7e5e') in 0.0230229 seconds [static and dynamic dependencies]. Details - ImportResultOutputID=69d39ff89131aabcf0a0ad5ba8c24641 DependenciesID=87283bd744cd39c2231c558aa279539b StaticDependenciesID=172408d049c2e680f1e1ddd6d23001d9 
Number of updated asset objects reloaded before import = 0Number of asset objects unloaded after import = 1

========================================================================
Received Import Request.
  Time since last request: 0.000044 seconds.
  path: Assets/Low Poly Weapons VOL.1/Props/Ammunition/Bullet 9x19/Textures/Bullet_Normal.png
  importAddress: Guid(721acf932f8d80d45b520f8939c1114d) Importer(2089858483,b0f066a214c2f5e87bad3c948f4d605d)
Start importing Assets/Low Poly Weapons VOL.1/Props/Ammunition/Bullet 9x19/Textures/Bullet_Normal.png using Guid(721acf932f8d80d45b520f8939c1114d) Importer(2089858483,b0f066a214c2f5e87bad3c948f4d605d) (ScriptedImporter) -> (Import Result ID: '118231ee4e93747b795c712ec3c37acd') in 0.0603532 seconds [static and dynamic dependencies]. Details - ImportResultOutputID=bb7299b60f20ae8e7ef18e03e14c912b DependenciesID=af5ee857a75d4a199a51fdf173783b31 StaticDependenciesID=0fba54a7a1faad767958ab6eee76d6f9 
Number of updated asset objects reloaded before import = 0Number of asset objects unloaded after import = 1

========================================================================
Received Import Request.
  Time since last request: 0.000050 seconds.
  path: Assets/Low Poly Weapons VOL.1/Props/Ammunition/Bullet 7.62/Prefabs/Bullet-7.62 (Copper) HQ.prefab
  importAddress: Guid(d52cf7a58a2762044908ea7e5f695d5b) Importer(2089858483,b0f066a214c2f5e87bad3c948f4d605d)
Start importing Assets/Low Poly Weapons VOL.1/Props/Ammunition/Bullet 7.62/Prefabs/Bullet-7.62 (Copper) HQ.prefab using Guid(d52cf7a58a2762044908ea7e5f695d5b) Importer(2089858483,b0f066a214c2f5e87bad3c948f4d605d) (ScriptedImporter) -> (Import Result ID: '77edbd515843b2c6c0784e8e256411cd') in 0.0365521 seconds [static and dynamic dependencies]. Details - ImportResultOutputID=2d7d584e095bad20b5cb0b6c13b07746 DependenciesID=d24eda63c6ba92e2b78a8ca699e1da1e StaticDependenciesID=446630a8386f56fcdb6552e0ef0d89e4 
Number of updated asset objects reloaded before import = 0Number of asset objects unloaded after import = 33

========================================================================
Received Import Request.
  Time since last request: 0.000047 seconds.
  path: Assets/Low Poly Weapons VOL.1/Props/Ammunition/Bullet 7.62/Textures/Shell_Copper_NORMAL.png
  importAddress: Guid(739a7b2f09a1939458da33243debe50d) Importer(2089858483,b0f066a214c2f5e87bad3c948f4d605d)
Start importing Assets/Low Poly Weapons VOL.1/Props/Ammunition/Bullet 7.62/Textures/Shell_Copper_NORMAL.png using Guid(739a7b2f09a1939458da33243debe50d) Importer(2089858483,b0f066a214c2f5e87bad3c948f4d605d) (ScriptedImporter) -> (Import Result ID: '0fc94ea1fb9f5708072ce230a1b98708') in 0.0494188 seconds [static and dynamic dependencies]. Details - ImportResultOutputID=d5cd00d42b2a260652a2478baa4afacf DependenciesID=3b1feee00a3228e069e27383963a7191 StaticDependenciesID=d0db4d5483bce8d43348bd53203e37ab 
Number of updated asset objects reloaded before import = 0Number of asset objects unloaded after import = 1

========================================================================
Received Import Request.
  Time since last request: 0.000057 seconds.
  path: Assets/Low Poly Weapons VOL.1/Props/Ammunition/Bullet 0.45/Prefabs/Shell (HQ).prefab
  importAddress: Guid(e0a33e876d30fd349a7c3195590c9170) Importer(2089858483,b0f066a214c2f5e87bad3c948f4d605d)
Start importing Assets/Low Poly Weapons VOL.1/Props/Ammunition/Bullet 0.45/Prefabs/Shell (HQ).prefab using Guid(e0a33e876d30fd349a7c3195590c9170) Importer(2089858483,b0f066a214c2f5e87bad3c948f4d605d) (ScriptedImporter) -> (Import Result ID: 'c5a843d06c79decaf99a226ec96d2981') in 0.0260609 seconds [static and dynamic dependencies]. Details - ImportResultOutputID=c5cba1ebc64446e8596c462952c875ae DependenciesID=180d581967803e24a59e574e3f902a2d StaticDependenciesID=e0ee02fbb8758af54fc9960627735119 
Number of updated asset objects reloaded before import = 0Number of asset objects unloaded after import = 17

========================================================================
Received Import Request.
  Time since last request: 0.000047 seconds.
  path: Assets/Low Poly Weapons VOL.1/Props/Ammunition/Bullet 7.62/Mesh/Materials/Bullet_Copper_v2.mat
  importAddress: Guid(388446912454c104483f52067a2c9284) Importer(2089858483,b0f066a214c2f5e87bad3c948f4d605d)
Start importing Assets/Low Poly Weapons VOL.1/Props/Ammunition/Bullet 7.62/Mesh/Materials/Bullet_Copper_v2.mat using Guid(388446912454c104483f52067a2c9284) Importer(2089858483,b0f066a214c2f5e87bad3c948f4d605d) (ScriptedImporter) -> (Import Result ID: '7d9e9a68224163f705179b5a728aac0b') in 0.0297977 seconds [static and dynamic dependencies]. Details - ImportResultOutputID=3c72fb6baa8a246308f60bd42e96e8bf DependenciesID=950f39751333f29bbe1641d9bce94275 StaticDependenciesID=199c90b9709f6af4d32ee6e32ada6623 
Number of updated asset objects reloaded before import = 0Number of asset objects unloaded after import = 3

========================================================================
Received Import Request.
  Time since last request: 0.000091 seconds.
  path: Assets/Low Poly Weapons VOL.1/Props/Ammunition/Bullet 9x19/Mesh
  importAddress: Guid(3110c34170529374fad8c5ba6381073e) Importer(2089858483,b0f066a214c2f5e87bad3c948f4d605d)
Start importing Assets/Low Poly Weapons VOL.1/Props/Ammunition/Bullet 9x19/Mesh using Guid(3110c34170529374fad8c5ba6381073e) Importer(2089858483,b0f066a214c2f5e87bad3c948f4d605d) (ScriptedImporter) -> (Import Result ID: '9a6b763bfbb6abd503b8e32f46cac8c2') in 0.0058776 seconds [static and dynamic dependencies]. Details - ImportResultOutputID=d2de921b0e1d3560088735a3fb96e8ed DependenciesID=0800dc58f73b2aabd92494cc21526b7b StaticDependenciesID=96a71dc12040ae41805bded0b647cbf1 
Number of updated asset objects reloaded before import = 0Number of asset objects unloaded after import = 1

Editor requested this worker to shutdown with reason: Scaling down because of idle timeout
AssetImportWorker is now disconnected from the server
Process exiting
Exiting without the bug reporter. Application will terminate with return code 0